{"meta": {"format": 3, "version": "7.13.4", "timestamp": "2026-02-12T09:05:09.612187", "branch_coverage": false, "show_contexts": false}, "files": {"cyber_qin\\core\\__init__.py": {"executed_lines": [], "summary": {"covered_lines": 0, "num_statements": 0, "percent_covered": 100.0, "percent_covered_display": "100", "missing_lines": 0, "excluded_lines": 0, "percent_statements_covered": 100.0, "percent_statements_covered_display": "100"}, "missing_lines": [], "excluded_lines": [], "functions": {"": {"executed_lines": [], "summary": {"covered_lines": 0, "num_statements": 0, "percent_covered": 100.0, "percent_covered_display": "100", "missing_lines": 0, "excluded_lines": 0, "percent_statements_covered": 100.0, "percent_statements_covered_display": "100"}, "missing_lines": [], "excluded_lines": [], "start_line": 1}}, "classes": {"": {"executed_lines": [], "summary": {"covered_lines": 0, "num_statements": 0, "percent_covered": 100.0, "percent_covered_display": "100", "missing_lines": 0, "excluded_lines": 0, "percent_statements_covered": 100.0, "percent_statements_covered_display": "100"}, "missing_lines": [], "excluded_lines": [], "start_line": 1}}}, "cyber_qin\\core\\auto_tune.py": {"executed_lines": [6, 8, 9, 11, 12, 13, 16, 19, 20, 21, 22, 25, 26, 29, 30, 31, 34, 51, 52, 54, 55, 56, 58, 59, 60, 61, 62, 68, 71, 81, 84, 94, 97, 108, 123, 124, 125, 127, 128, 129, 130, 131, 132, 134, 135, 136, 137, 138, 139, 141, 146], "summary": {"covered_lines": 51, "num_statements": 51, "percent_covered": 100.0, "percent_covered_display": "100", "missing_lines": 0, "excluded_lines": 0, "percent_statements_covered": 100.0, "percent_statements_covered_display": "100"}, "missing_lines": [], "excluded_lines": [], "functions": {"quantize_to_beat_grid": {"executed_lines": [51, 52, 54, 55, 56, 58, 59, 60, 61, 62, 68], "summary": {"covered_lines": 11, "num_statements": 11, "percent_covered": 100.0, "percent_covered_display": "100", "missing_lines": 0, "excluded_lines": 0, "percent_statements_covered": 100.0, "percent_statements_covered_display": "100"}, "missing_lines": [], "excluded_lines": [], "start_line": 34}, "snap_to_scale": {"executed_lines": [81, 84, 94, 97], "summary": {"covered_lines": 4, "num_statements": 4, "percent_covered": 100.0, "percent_covered_display": "100", "missing_lines": 0, "excluded_lines": 0, "percent_statements_covered": 100.0, "percent_statements_covered_display": "100"}, "missing_lines": [], "excluded_lines": [], "start_line": 71}, "auto_tune": {"executed_lines": [123, 124, 125, 127, 128, 129, 130, 131, 132, 134, 135, 136, 137, 138, 139, 141, 146], "summary": {"covered_lines": 17, "num_statements": 17, "percent_covered": 100.0, "percent_covered_display": "100", "missing_lines": 0, "excluded_lines": 0, "percent_statements_covered": 100.0, "percent_statements_covered_display": "100"}, "missing_lines": [], "excluded_lines": [], "start_line": 108}, "": {"executed_lines": [6, 8, 9, 11, 12, 13, 16, 19, 20, 21, 22, 25, 26, 29, 30, 31, 34, 71, 108], "summary": {"covered_lines": 19, "num_statements": 19, "percent_covered": 100.0, "percent_covered_display": "100", "missing_lines": 0, "excluded_lines": 0, "percent_statements_covered": 100.0, "percent_statements_covered_display": "100"}, "missing_lines": [], "excluded_lines": [], "start_line": 1}}, "classes": {"QuantizeGrid": {"executed_lines": [], "summary": {"covered_lines": 0, "num_statements": 0, "percent_covered": 100.0, "percent_covered_display": "100", "missing_lines": 0, "excluded_lines": 0, "percent_statements_covered": 100.0, "percent_statements_covered_display": "100"}, "missing_lines": [], "excluded_lines": [], "start_line": 16}, "AutoTuneStats": {"executed_lines": [], "summary": {"covered_lines": 0, "num_statements": 0, "percent_covered": 100.0, "percent_covered_display": "100", "missing_lines": 0, "excluded_lines": 0, "percent_statements_covered": 100.0, "percent_statements_covered_display": "100"}, "missing_lines": [], "excluded_lines": [], "start_line": 26}, "": {"executed_lines": [6, 8, 9, 11, 12, 13, 16, 19, 20, 21, 22, 25, 26, 29, 30, 31, 34, 51, 52, 54, 55, 56, 58, 59, 60, 61, 62, 68, 71, 81, 84, 94, 97, 108, 123, 124, 125, 127, 128, 129, 130, 131, 132, 134, 135, 136, 137, 138, 139, 141, 146], "summary": {"covered_lines": 51, "num_statements": 51, "percent_covered": 100.0, "percent_covered_display": "100", "missing_lines": 0, "excluded_lines": 0, "percent_statements_covered": 100.0, "percent_statements_covered_display": "100"}, "missing_lines": [], "excluded_lines": [], "start_line": 1}}}, "cyber_qin\\core\\beat_sequence.py": {"executed_lines": [9, 11, 12, 17, 18, 21, 22, 23, 24, 25, 28, 29, 32, 33, 34, 38, 41, 42, 45, 46, 47, 48, 49, 55, 64, 73, 81, 96, 97, 103, 104, 105, 106, 107, 108, 109, 115, 118, 124, 125, 126, 127, 129, 130, 131, 132, 134, 135, 136, 137, 143, 144, 147, 151, 152, 153, 155, 156, 157, 159, 160, 161, 162, 163, 165, 166, 167, 169, 170, 171, 173, 174, 175, 177, 178, 179, 181, 182, 183, 185, 186, 187, 189, 190, 191, 193, 194, 195, 197, 198, 199, 201, 202, 203, 205, 206, 207, 209, 210, 211, 214, 216, 217, 218, 219, 220, 221, 222, 223, 224, 225, 226, 227, 228, 229, 230, 231, 232, 233, 235, 236, 237, 238, 239, 240, 241, 242, 243, 244, 245, 246, 248, 249, 250, 252, 253, 254, 256, 257, 258, 260, 261, 262, 264, 265, 266, 268, 269, 270, 274, 275, 283, 284, 285, 286, 287, 288, 289, 291, 292, 293, 294, 295, 297, 298, 299, 300, 301, 303, 304, 305, 306, 307, 311, 312, 313, 314, 316, 317, 321, 322, 323, 325, 326, 327, 328, 329, 330, 332, 333, 335, 336, 337, 339, 340, 341, 343, 344, 345, 347, 349, 350, 351, 353, 354, 355, 356, 357, 358, 359, 361, 362, 363, 364, 365, 366, 367, 369, 374, 379, 380, 384, 385, 386, 393, 394, 395, 397, 398, 399, 404, 405, 406, 408, 409, 410, 411, 413, 414, 415, 416, 418, 419, 420, 421, 422, 423, 425, 426, 427, 428, 429, 430, 432, 435, 436, 437, 438, 439, 440, 441, 443, 446, 447, 448, 449, 450, 451, 452, 453, 454, 456, 457, 458, 459, 460, 462, 464, 465, 466, 467, 468, 469, 470, 472, 476, 477, 484, 485, 487, 489, 490, 491, 492, 493, 494, 495, 496, 498, 500, 501, 502, 503, 504, 505, 506, 508, 512, 513, 514, 515, 516, 517, 518, 519, 520, 522, 523, 524, 525, 526, 527, 531, 532, 534, 535, 537, 541, 542, 543, 544, 545, 547, 549, 550, 551, 552, 553, 555, 559, 560, 561, 562, 563, 564, 565, 566, 567, 568, 569, 570, 571, 573, 574, 575, 576, 577, 578, 580, 581, 582, 583, 585, 586, 587, 588, 589, 590, 591, 592, 593, 594, 595, 596, 597, 598, 602, 603, 605, 608, 610, 613, 614, 615, 616, 617, 618, 619, 620, 622, 623, 624, 625, 626, 627, 628, 629, 637, 645, 646, 648, 650, 653, 654, 655, 656, 657, 658, 659, 660, 662, 663, 664, 665, 666, 667, 668, 674, 680, 681, 683, 684, 691, 692, 695, 696, 697, 698, 699, 700, 703, 704, 705, 706, 715, 716, 724, 725, 729, 730, 767, 768, 769, 770, 771, 776, 777, 784, 785, 787, 788, 789, 790, 792, 793, 800, 801, 807, 808, 809], "summary": {"covered_lines": 460, "num_statements": 462, "percent_covered": 99.56709956709956, "percent_covered_display": "99", "missing_lines": 2, "excluded_lines": 0, "percent_statements_covered": 99.56709956709956, "percent_statements_covered_display": "99"}, "missing_lines": [331, 606], "excluded_lines": [], "functions": {"EditorSequence.__init__": {"executed_lines": [124, 125, 126, 127, 129, 130, 131, 132, 134, 135, 136, 137, 143, 144, 147], "summary": {"covered_lines": 15, "num_statements": 15, "percent_covered": 100.0, "percent_covered_display": "100", "missing_lines": 0, "excluded_lines": 0, "percent_statements_covered": 100.0, "percent_statements_covered_display": "100"}, "missing_lines": [], "excluded_lines": [], "start_line": 118}, "EditorSequence.notes": {"executed_lines": [153], "summary": {"covered_lines": 1, "num_statements": 1, "percent_covered": 100.0, "percent_covered_display": "100", "missing_lines": 0, "excluded_lines": 0, "percent_statements_covered": 100.0, "percent_statements_covered_display": "100"}, "missing_lines": [], "excluded_lines": [], "start_line": 152}, "EditorSequence.rests": {"executed_lines": [157], "summary": {"covered_lines": 1, "num_statements": 1, "percent_covered": 100.0, "percent_covered_display": "100", "missing_lines": 0, "excluded_lines": 0, "percent_statements_covered": 100.0, "percent_statements_covered_display": "100"}, "missing_lines": [], "excluded_lines": [], "start_line": 156}, "EditorSequence.all_items": {"executed_lines": [161, 162, 163], "summary": {"covered_lines": 3, "num_statements": 3, "percent_covered": 100.0, "percent_covered_display": "100", "missing_lines": 0, "excluded_lines": 0, "percent_statements_covered": 100.0, "percent_statements_covered_display": "100"}, "missing_lines": [], "excluded_lines": [], "start_line": 160}, "EditorSequence.note_count": {"executed_lines": [167], "summary": {"covered_lines": 1, "num_statements": 1, "percent_covered": 100.0, "percent_covered_display": "100", "missing_lines": 0, "excluded_lines": 0, "percent_statements_covered": 100.0, "percent_statements_covered_display": "100"}, "missing_lines": [], "excluded_lines": [], "start_line": 166}, "EditorSequence.rest_count": {"executed_lines": [171], "summary": {"covered_lines": 1, "num_statements": 1, "percent_covered": 100.0, "percent_covered_display": "100", "missing_lines": 0, "excluded_lines": 0, "percent_statements_covered": 100.0, "percent_statements_covered_display": "100"}, "missing_lines": [], "excluded_lines": [], "start_line": 170}, "EditorSequence.cursor_beats": {"executed_lines": [179], "summary": {"covered_lines": 1, "num_statements": 1, "percent_covered": 100.0, "percent_covered_display": "100", "missing_lines": 0, "excluded_lines": 0, "percent_statements_covered": 100.0, "percent_statements_covered_display": "100"}, "missing_lines": [], "excluded_lines": [], "start_line": 178}, "EditorSequence.active_track": {"executed_lines": [183], "summary": {"covered_lines": 1, "num_statements": 1, "percent_covered": 100.0, "percent_covered_display": "100", "missing_lines": 0, "excluded_lines": 0, "percent_statements_covered": 100.0, "percent_statements_covered_display": "100"}, "missing_lines": [], "excluded_lines": [], "start_line": 182}, "EditorSequence.tracks": {"executed_lines": [187], "summary": {"covered_lines": 1, "num_statements": 1, "percent_covered": 100.0, "percent_covered_display": "100", "missing_lines": 0, "excluded_lines": 0, "percent_statements_covered": 100.0, "percent_statements_covered_display": "100"}, "missing_lines": [], "excluded_lines": [], "start_line": 186}, "EditorSequence.track_count": {"executed_lines": [191], "summary": {"covered_lines": 1, "num_statements": 1, "percent_covered": 100.0, "percent_covered_display": "100", "missing_lines": 0, "excluded_lines": 0, "percent_statements_covered": 100.0, "percent_statements_covered_display": "100"}, "missing_lines": [], "excluded_lines": [], "start_line": 190}, "EditorSequence.tempo_bpm": {"executed_lines": [199], "summary": {"covered_lines": 1, "num_statements": 1, "percent_covered": 100.0, "percent_covered_display": "100", "missing_lines": 0, "excluded_lines": 0, "percent_statements_covered": 100.0, "percent_statements_covered_display": "100"}, "missing_lines": [], "excluded_lines": [], "start_line": 198}, "EditorSequence.time_signature": {"executed_lines": [207], "summary": {"covered_lines": 1, "num_statements": 1, "percent_covered": 100.0, "percent_covered_display": "100", "missing_lines": 0, "excluded_lines": 0, "percent_statements_covered": 100.0, "percent_statements_covered_display": "100"}, "missing_lines": [], "excluded_lines": [], "start_line": 206}, "EditorSequence.beats_per_bar": {"executed_lines": [211, 214], "summary": {"covered_lines": 2, "num_statements": 2, "percent_covered": 100.0, "percent_covered_display": "100", "missing_lines": 0, "excluded_lines": 0, "percent_statements_covered": 100.0, "percent_statements_covered_display": "100"}, "missing_lines": [], "excluded_lines": [], "start_line": 210}, "EditorSequence.bar_count": {"executed_lines": [218, 219, 220, 221, 222, 223, 224, 225, 226, 227, 228, 229, 230, 231, 232, 233], "summary": {"covered_lines": 16, "num_statements": 16, "percent_covered": 100.0, "percent_covered_display": "100", "missing_lines": 0, "excluded_lines": 0, "percent_statements_covered": 100.0, "percent_statements_covered_display": "100"}, "missing_lines": [], "excluded_lines": [], "start_line": 217}, "EditorSequence.duration_beats": {"executed_lines": [237, 238, 239, 240, 241, 242, 243, 244, 245, 246], "summary": {"covered_lines": 10, "num_statements": 10, "percent_covered": 100.0, "percent_covered_display": "100", "missing_lines": 0, "excluded_lines": 0, "percent_statements_covered": 100.0, "percent_statements_covered_display": "100"}, "missing_lines": [], "excluded_lines": [], "start_line": 236}, "EditorSequence.duration_seconds": {"executed_lines": [250], "summary": {"covered_lines": 1, "num_statements": 1, "percent_covered": 100.0, "percent_covered_display": "100", "missing_lines": 0, "excluded_lines": 0, "percent_statements_covered": 100.0, "percent_statements_covered_display": "100"}, "missing_lines": [], "excluded_lines": [], "start_line": 249}, "EditorSequence.step_label": {"executed_lines": [254], "summary": {"covered_lines": 1, "num_statements": 1, "percent_covered": 100.0, "percent_covered_display": "100", "missing_lines": 0, "excluded_lines": 0, "percent_statements_covered": 100.0, "percent_statements_covered_display": "100"}, "missing_lines": [], "excluded_lines": [], "start_line": 253}, "EditorSequence.step_duration": {"executed_lines": [258], "summary": {"covered_lines": 1, "num_statements": 1, "percent_covered": 100.0, "percent_covered_display": "100", "missing_lines": 0, "excluded_lines": 0, "percent_statements_covered": 100.0, "percent_statements_covered_display": "100"}, "missing_lines": [], "excluded_lines": [], "start_line": 257}, "EditorSequence.can_undo": {"executed_lines": [262], "summary": {"covered_lines": 1, "num_statements": 1, "percent_covered": 100.0, "percent_covered_display": "100", "missing_lines": 0, "excluded_lines": 0, "percent_statements_covered": 100.0, "percent_statements_covered_display": "100"}, "missing_lines": [], "excluded_lines": [], "start_line": 261}, "EditorSequence.can_redo": {"executed_lines": [266], "summary": {"covered_lines": 1, "num_statements": 1, "percent_covered": 100.0, "percent_covered_display": "100", "missing_lines": 0, "excluded_lines": 0, "percent_statements_covered": 100.0, "percent_statements_covered_display": "100"}, "missing_lines": [], "excluded_lines": [], "start_line": 265}, "EditorSequence.clipboard_empty": {"executed_lines": [270], "summary": {"covered_lines": 1, "num_statements": 1, "percent_covered": 100.0, "percent_covered_display": "100", "missing_lines": 0, "excluded_lines": 0, "percent_statements_covered": 100.0, "percent_statements_covered_display": "100"}, "missing_lines": [], "excluded_lines": [], "start_line": 269}, "EditorSequence._snapshot": {"executed_lines": [275], "summary": {"covered_lines": 1, "num_statements": 1, "percent_covered": 100.0, "percent_covered_display": "100", "missing_lines": 0, "excluded_lines": 0, "percent_statements_covered": 100.0, "percent_statements_covered_display": "100"}, "missing_lines": [], "excluded_lines": [], "start_line": 274}, "EditorSequence._restore": {"executed_lines": [284, 285, 286, 287, 288, 289], "summary": {"covered_lines": 6, "num_statements": 6, "percent_covered": 100.0, "percent_covered_display": "100", "missing_lines": 0, "excluded_lines": 0, "percent_statements_covered": 100.0, "percent_statements_covered_display": "100"}, "missing_lines": [], "excluded_lines": [], "start_line": 283}, "EditorSequence._push_undo": {"executed_lines": [292, 293, 294, 295], "summary": {"covered_lines": 4, "num_statements": 4, "percent_covered": 100.0, "percent_covered_display": "100", "missing_lines": 0, "excluded_lines": 0, "percent_statements_covered": 100.0, "percent_statements_covered_display": "100"}, "missing_lines": [], "excluded_lines": [], "start_line": 291}, "EditorSequence.undo": {"executed_lines": [298, 299, 300, 301], "summary": {"covered_lines": 4, "num_statements": 4, "percent_covered": 100.0, "percent_covered_display": "100", "missing_lines": 0, "excluded_lines": 0, "percent_statements_covered": 100.0, "percent_statements_covered_display": "100"}, "missing_lines": [], "excluded_lines": [], "start_line": 297}, "EditorSequence.redo": {"executed_lines": [304, 305, 306, 307], "summary": {"covered_lines": 4, "num_statements": 4, "percent_covered": 100.0, "percent_covered_display": "100", "missing_lines": 0, "excluded_lines": 0, "percent_statements_covered": 100.0, "percent_statements_covered_display": "100"}, "missing_lines": [], "excluded_lines": [], "start_line": 303}, "EditorSequence.set_step_duration": {"executed_lines": [312, 313, 314], "summary": {"covered_lines": 3, "num_statements": 3, "percent_covered": 100.0, "percent_covered_display": "100", "missing_lines": 0, "excluded_lines": 0, "percent_statements_covered": 100.0, "percent_statements_covered_display": "100"}, "missing_lines": [], "excluded_lines": [], "start_line": 311}, "EditorSequence.advance_cursor": {"executed_lines": [317], "summary": {"covered_lines": 1, "num_statements": 1, "percent_covered": 100.0, "percent_covered_display": "100", "missing_lines": 0, "excluded_lines": 0, "percent_statements_covered": 100.0, "percent_statements_covered_display": "100"}, "missing_lines": [], "excluded_lines": [], "start_line": 316}, "EditorSequence.set_active_track": {"executed_lines": [322, 323], "summary": {"covered_lines": 2, "num_statements": 2, "percent_covered": 100.0, "percent_covered_display": "100", "missing_lines": 0, "excluded_lines": 0, "percent_statements_covered": 100.0, "percent_statements_covered_display": "100"}, "missing_lines": [], "excluded_lines": [], "start_line": 321}, "EditorSequence.add_track": {"executed_lines": [326, 327, 328, 329, 330, 332, 333], "summary": {"covered_lines": 7, "num_statements": 8, "percent_covered": 87.5, "percent_covered_display": "88", "missing_lines": 1, "excluded_lines": 0, "percent_statements_covered": 87.5, "percent_statements_covered_display": "88"}, "missing_lines": [331], "excluded_lines": [], "start_line": 325}, "EditorSequence.rename_track": {"executed_lines": [336, 337], "summary": {"covered_lines": 2, "num_statements": 2, "percent_covered": 100.0, "percent_covered_display": "100", "missing_lines": 0, "excluded_lines": 0, "percent_statements_covered": 100.0, "percent_statements_covered_display": "100"}, "missing_lines": [], "excluded_lines": [], "start_line": 335}, "EditorSequence.set_track_muted": {"executed_lines": [340, 341], "summary": {"covered_lines": 2, "num_statements": 2, "percent_covered": 100.0, "percent_covered_display": "100", "missing_lines": 0, "excluded_lines": 0, "percent_statements_covered": 100.0, "percent_statements_covered_display": "100"}, "missing_lines": [], "excluded_lines": [], "start_line": 339}, "EditorSequence.set_track_solo": {"executed_lines": [344, 345], "summary": {"covered_lines": 2, "num_statements": 2, "percent_covered": 100.0, "percent_covered_display": "100", "missing_lines": 0, "excluded_lines": 0, "percent_statements_covered": 100.0, "percent_statements_covered_display": "100"}, "missing_lines": [], "excluded_lines": [], "start_line": 343}, "EditorSequence.reorder_tracks": {"executed_lines": [349, 350, 351, 353, 354, 355, 356, 357, 358, 359], "summary": {"covered_lines": 10, "num_statements": 10, "percent_covered": 100.0, "percent_covered_display": "100", "missing_lines": 0, "excluded_lines": 0, "percent_statements_covered": 100.0, "percent_statements_covered_display": "100"}, "missing_lines": [], "excluded_lines": [], "start_line": 347}, "EditorSequence.remove_track": {"executed_lines": [362, 363, 364, 365, 366, 367, 369, 374, 379, 380], "summary": {"covered_lines": 10, "num_statements": 10, "percent_covered": 100.0, "percent_covered_display": "100", "missing_lines": 0, "excluded_lines": 0, "percent_statements_covered": 100.0, "percent_statements_covered_display": "100"}, "missing_lines": [], "excluded_lines": [], "start_line": 361}, "EditorSequence.add_note": {"executed_lines": [385, 386, 393, 394, 395], "summary": {"covered_lines": 5, "num_statements": 5, "percent_covered": 100.0, "percent_covered_display": "100", "missing_lines": 0, "excluded_lines": 0, "percent_statements_covered": 100.0, "percent_statements_covered_display": "100"}, "missing_lines": [], "excluded_lines": [], "start_line": 384}, "EditorSequence.add_rest": {"executed_lines": [398, 399, 404, 405, 406], "summary": {"covered_lines": 5, "num_statements": 5, "percent_covered": 100.0, "percent_covered_display": "100", "missing_lines": 0, "excluded_lines": 0, "percent_statements_covered": 100.0, "percent_statements_covered_display": "100"}, "missing_lines": [], "excluded_lines": [], "start_line": 397}, "EditorSequence.delete_note": {"executed_lines": [409, 410, 411], "summary": {"covered_lines": 3, "num_statements": 3, "percent_covered": 100.0, "percent_covered_display": "100", "missing_lines": 0, "excluded_lines": 0, "percent_statements_covered": 100.0, "percent_statements_covered_display": "100"}, "missing_lines": [], "excluded_lines": [], "start_line": 408}, "EditorSequence.delete_rest": {"executed_lines": [414, 415, 416], "summary": {"covered_lines": 3, "num_statements": 3, "percent_covered": 100.0, "percent_covered_display": "100", "missing_lines": 0, "excluded_lines": 0, "percent_statements_covered": 100.0, "percent_statements_covered_display": "100"}, "missing_lines": [], "excluded_lines": [], "start_line": 413}, "EditorSequence.delete_notes": {"executed_lines": [419, 420, 421, 422, 423], "summary": {"covered_lines": 5, "num_statements": 5, "percent_covered": 100.0, "percent_covered_display": "100", "missing_lines": 0, "excluded_lines": 0, "percent_statements_covered": 100.0, "percent_statements_covered_display": "100"}, "missing_lines": [], "excluded_lines": [], "start_line": 418}, "EditorSequence.delete_rests": {"executed_lines": [426, 427, 428, 429, 430], "summary": {"covered_lines": 5, "num_statements": 5, "percent_covered": 100.0, "percent_covered_display": "100", "missing_lines": 0, "excluded_lines": 0, "percent_statements_covered": 100.0, "percent_statements_covered_display": "100"}, "missing_lines": [], "excluded_lines": [], "start_line": 425}, "EditorSequence.move_note": {"executed_lines": [435, 436, 437, 438, 439, 440, 441], "summary": {"covered_lines": 7, "num_statements": 7, "percent_covered": 100.0, "percent_covered_display": "100", "missing_lines": 0, "excluded_lines": 0, "percent_statements_covered": 100.0, "percent_statements_covered_display": "100"}, "missing_lines": [], "excluded_lines": [], "start_line": 432}, "EditorSequence.move_notes": {"executed_lines": [446, 447, 448, 449, 450, 451, 452, 453, 454], "summary": {"covered_lines": 9, "num_statements": 9, "percent_covered": 100.0, "percent_covered_display": "100", "missing_lines": 0, "excluded_lines": 0, "percent_statements_covered": 100.0, "percent_statements_covered_display": "100"}, "missing_lines": [], "excluded_lines": [], "start_line": 443}, "EditorSequence.resize_note": {"executed_lines": [457, 458, 459, 460], "summary": {"covered_lines": 4, "num_statements": 4, "percent_covered": 100.0, "percent_covered_display": "100", "missing_lines": 0, "excluded_lines": 0, "percent_statements_covered": 100.0, "percent_statements_covered_display": "100"}, "missing_lines": [], "excluded_lines": [], "start_line": 456}, "EditorSequence.resize_notes": {"executed_lines": [464, 465, 466, 467, 468, 469, 470], "summary": {"covered_lines": 7, "num_statements": 7, "percent_covered": 100.0, "percent_covered_display": "100", "missing_lines": 0, "excluded_lines": 0, "percent_statements_covered": 100.0, "percent_statements_covered_display": "100"}, "missing_lines": [], "excluded_lines": [], "start_line": 462}, "EditorSequence.add_note_at": {"executed_lines": [476, 477, 484, 485], "summary": {"covered_lines": 4, "num_statements": 4, "percent_covered": 100.0, "percent_covered_display": "100", "missing_lines": 0, "excluded_lines": 0, "percent_statements_covered": 100.0, "percent_statements_covered_display": "100"}, "missing_lines": [], "excluded_lines": [], "start_line": 472}, "EditorSequence.quantize_notes": {"executed_lines": [489, 490, 491, 492, 493, 494, 495, 496], "summary": {"covered_lines": 8, "num_statements": 8, "percent_covered": 100.0, "percent_covered_display": "100", "missing_lines": 0, "excluded_lines": 0, "percent_statements_covered": 100.0, "percent_statements_covered_display": "100"}, "missing_lines": [], "excluded_lines": [], "start_line": 487}, "EditorSequence.set_notes_velocity": {"executed_lines": [500, 501, 502, 503, 504, 505, 506], "summary": {"covered_lines": 7, "num_statements": 7, "percent_covered": 100.0, "percent_covered_display": "100", "missing_lines": 0, "excluded_lines": 0, "percent_statements_covered": 100.0, "percent_statements_covered_display": "100"}, "missing_lines": [], "excluded_lines": [], "start_line": 498}, "EditorSequence.delete_items": {"executed_lines": [512, 513, 514, 515, 516, 517, 518, 519, 520], "summary": {"covered_lines": 9, "num_statements": 9, "percent_covered": 100.0, "percent_covered_display": "100", "missing_lines": 0, "excluded_lines": 0, "percent_statements_covered": 100.0, "percent_statements_covered_display": "100"}, "missing_lines": [], "excluded_lines": [], "start_line": 508}, "EditorSequence.clear": {"executed_lines": [523, 524, 525, 526, 527], "summary": {"covered_lines": 5, "num_statements": 5, "percent_covered": 100.0, "percent_covered_display": "100", "missing_lines": 0, "excluded_lines": 0, "percent_statements_covered": 100.0, "percent_statements_covered_display": "100"}, "missing_lines": [], "excluded_lines": [], "start_line": 522}, "EditorSequence.notes_in_track": {"executed_lines": [532], "summary": {"covered_lines": 1, "num_statements": 1, "percent_covered": 100.0, "percent_covered_display": "100", "missing_lines": 0, "excluded_lines": 0, "percent_statements_covered": 100.0, "percent_statements_covered_display": "100"}, "missing_lines": [], "excluded_lines": [], "start_line": 531}, "EditorSequence.rests_in_track": {"executed_lines": [535], "summary": {"covered_lines": 1, "num_statements": 1, "percent_covered": 100.0, "percent_covered_display": "100", "missing_lines": 0, "excluded_lines": 0, "percent_statements_covered": 100.0, "percent_statements_covered_display": "100"}, "missing_lines": [], "excluded_lines": [], "start_line": 534}, "EditorSequence.note_indices_in_rect": {"executed_lines": [541, 542, 543, 544, 545], "summary": {"covered_lines": 5, "num_statements": 5, "percent_covered": 100.0, "percent_covered_display": "100", "missing_lines": 0, "excluded_lines": 0, "percent_statements_covered": 100.0, "percent_statements_covered_display": "100"}, "missing_lines": [], "excluded_lines": [], "start_line": 537}, "EditorSequence.rest_indices_in_rect": {"executed_lines": [549, 550, 551, 552, 553], "summary": {"covered_lines": 5, "num_statements": 5, "percent_covered": 100.0, "percent_covered_display": "100", "missing_lines": 0, "excluded_lines": 0, "percent_statements_covered": 100.0, "percent_statements_covered_display": "100"}, "missing_lines": [], "excluded_lines": [], "start_line": 547}, "EditorSequence.copy_items": {"executed_lines": [559, 560, 561, 562, 563, 564, 565, 566, 567, 568, 569, 570, 571], "summary": {"covered_lines": 13, "num_statements": 13, "percent_covered": 100.0, "percent_covered_display": "100", "missing_lines": 0, "excluded_lines": 0, "percent_statements_covered": 100.0, "percent_statements_covered_display": "100"}, "missing_lines": [], "excluded_lines": [], "start_line": 555}, "EditorSequence.copy_notes": {"executed_lines": [574, 575, 576, 577, 578, 580, 581, 582, 583], "summary": {"covered_lines": 9, "num_statements": 9, "percent_covered": 100.0, "percent_covered_display": "100", "missing_lines": 0, "excluded_lines": 0, "percent_statements_covered": 100.0, "percent_statements_covered_display": "100"}, "missing_lines": [], "excluded_lines": [], "start_line": 573}, "EditorSequence.paste_at_cursor": {"executed_lines": [586, 587, 588, 589, 590, 591, 592, 593, 594, 595, 596, 597, 598], "summary": {"covered_lines": 13, "num_statements": 13, "percent_covered": 100.0, "percent_covered_display": "100", "missing_lines": 0, "excluded_lines": 0, "percent_statements_covered": 100.0, "percent_statements_covered_display": "100"}, "missing_lines": [], "excluded_lines": [], "start_line": 585}, "EditorSequence._beats_to_seconds": {"executed_lines": [603], "summary": {"covered_lines": 1, "num_statements": 1, "percent_covered": 100.0, "percent_covered_display": "100", "missing_lines": 0, "excluded_lines": 0, "percent_statements_covered": 100.0, "percent_statements_covered_display": "100"}, "missing_lines": [], "excluded_lines": [], "start_line": 602}, "EditorSequence._seconds_to_beats": {"executed_lines": [], "summary": {"covered_lines": 0, "num_statements": 1, "percent_covered": 0.0, "percent_covered_display": "0", "missing_lines": 1, "excluded_lines": 0, "percent_statements_covered": 0.0, "percent_statements_covered_display": "0"}, "missing_lines": [606], "excluded_lines": [], "start_line": 605}, "EditorSequence.to_midi_file_events": {"executed_lines": [610, 613, 614, 615, 616, 617, 618, 619, 620, 622, 623, 624, 625, 626, 627, 628, 629, 637, 645, 646], "summary": {"covered_lines": 20, "num_statements": 20, "percent_covered": 100.0, "percent_covered_display": "100", "missing_lines": 0, "excluded_lines": 0, "percent_statements_covered": 100.0, "percent_statements_covered_display": "100"}, "missing_lines": [], "excluded_lines": [], "start_line": 608}, "EditorSequence.to_recorded_events": {"executed_lines": [650, 653, 654, 655, 656, 657, 658, 659, 660, 662, 663, 664, 665, 666, 667, 668, 674, 680, 681], "summary": {"covered_lines": 19, "num_statements": 19, "percent_covered": 100.0, "percent_covered_display": "100", "missing_lines": 0, "excluded_lines": 0, "percent_statements_covered": 100.0, "percent_statements_covered_display": "100"}, "missing_lines": [], "excluded_lines": [], "start_line": 648}, "EditorSequence.from_midi_file_events": {"executed_lines": [691, 692, 695, 696, 697, 698, 699, 700, 703, 704, 705, 706, 715, 716, 724, 725], "summary": {"covered_lines": 16, "num_statements": 16, "percent_covered": 100.0, "percent_covered_display": "100", "missing_lines": 0, "excluded_lines": 0, "percent_statements_covered": 100.0, "percent_statements_covered_display": "100"}, "missing_lines": [], "excluded_lines": [], "start_line": 684}, "EditorSequence.to_project_dict": {"executed_lines": [730], "summary": {"covered_lines": 1, "num_statements": 1, "percent_covered": 100.0, "percent_covered_display": "100", "missing_lines": 0, "excluded_lines": 0, "percent_statements_covered": 100.0, "percent_statements_covered_display": "100"}, "missing_lines": [], "excluded_lines": [], "start_line": 729}, "EditorSequence.from_project_dict": {"executed_lines": [769, 770, 771, 776, 777, 784, 785, 787, 788, 789, 790, 792, 793, 800, 801, 807, 808, 809], "summary": {"covered_lines": 18, "num_statements": 18, "percent_covered": 100.0, "percent_covered_display": "100", "missing_lines": 0, "excluded_lines": 0, "percent_statements_covered": 100.0, "percent_statements_covered_display": "100"}, "missing_lines": [], "excluded_lines": [], "start_line": 768}, "": {"executed_lines": [9, 11, 12, 17, 18, 21, 22, 23, 24, 25, 28, 29, 32, 33, 34, 38, 41, 42, 45, 46, 47, 48, 49, 55, 64, 73, 81, 96, 97, 103, 104, 105, 106, 107, 108, 109, 115, 118, 151, 152, 155, 156, 159, 160, 165, 166, 169, 170, 173, 174, 177, 178, 181, 182, 185, 186, 189, 190, 193, 194, 197, 198, 201, 202, 205, 206, 209, 210, 216, 217, 235, 236, 248, 249, 252, 253, 256, 257, 260, 261, 264, 265, 268, 269, 274, 283, 291, 297, 303, 311, 316, 321, 325, 335, 339, 343, 347, 361, 384, 397, 408, 413, 418, 425, 432, 443, 456, 462, 472, 487, 498, 508, 522, 531, 534, 537, 547, 555, 573, 585, 602, 605, 608, 648, 683, 684, 729, 767, 768], "summary": {"covered_lines": 129, "num_statements": 129, "percent_covered": 100.0, "percent_covered_display": "100", "missing_lines": 0, "excluded_lines": 0, "percent_statements_covered": 100.0, "percent_statements_covered_display": "100"}, "missing_lines": [], "excluded_lines": [], "start_line": 1}}, "classes": {"BeatNote": {"executed_lines": [], "summary": {"covered_lines": 0, "num_statements": 0, "percent_covered": 100.0, "percent_covered_display": "100", "missing_lines": 0, "excluded_lines": 0, "percent_statements_covered": 100.0, "percent_statements_covered_display": "100"}, "missing_lines": [], "excluded_lines": [], "start_line": 18}, "BeatRest": {"executed_lines": [], "summary": {"covered_lines": 0, "num_statements": 0, "percent_covered": 100.0, "percent_covered_display": "100", "missing_lines": 0, "excluded_lines": 0, "percent_statements_covered": 100.0, "percent_statements_covered_display": "100"}, "missing_lines": [], "excluded_lines": [], "start_line": 29}, "Track": {"executed_lines": [], "summary": {"covered_lines": 0, "num_statements": 0, "percent_covered": 100.0, "percent_covered_display": "100", "missing_lines": 0, "excluded_lines": 0, "percent_statements_covered": 100.0, "percent_statements_covered_display": "100"}, "missing_lines": [], "excluded_lines": [], "start_line": 42}, "_Snapshot": {"executed_lines": [], "summary": {"covered_lines": 0, "num_statements": 0, "percent_covered": 100.0, "percent_covered_display": "100", "missing_lines": 0, "excluded_lines": 0, "percent_statements_covered": 100.0, "percent_statements_covered_display": "100"}, "missing_lines": [], "excluded_lines": [], "start_line": 104}, "EditorSequence": {"executed_lines": [124, 125, 126, 127, 129, 130, 131, 132, 134, 135, 136, 137, 143, 144, 147, 153, 157, 161, 162, 163, 167, 171, 175, 179, 183, 187, 191, 195, 199, 203, 207, 211, 214, 218, 219, 220, 221, 222, 223, 224, 225, 226, 227, 228, 229, 230, 231, 232, 233, 237, 238, 239, 240, 241, 242, 243, 244, 245, 246, 250, 254, 258, 262, 266, 270, 275, 284, 285, 286, 287, 288, 289, 292, 293, 294, 295, 298, 299, 300, 301, 304, 305, 306, 307, 312, 313, 314, 317, 322, 323, 326, 327, 328, 329, 330, 332, 333, 336, 337, 340, 341, 344, 345, 349, 350, 351, 353, 354, 355, 356, 357, 358, 359, 362, 363, 364, 365, 366, 367, 369, 374, 379, 380, 385, 386, 393, 394, 395, 398, 399, 404, 405, 406, 409, 410, 411, 414, 415, 416, 419, 420, 421, 422, 423, 426, 427, 428, 429, 430, 435, 436, 437, 438, 439, 440, 441, 446, 447, 448, 449, 450, 451, 452, 453, 454, 457, 458, 459, 460, 464, 465, 466, 467, 468, 469, 470, 476, 477, 484, 485, 489, 490, 491, 492, 493, 494, 495, 496, 500, 501, 502, 503, 504, 505, 506, 512, 513, 514, 515, 516, 517, 518, 519, 520, 523, 524, 525, 526, 527, 532, 535, 541, 542, 543, 544, 545, 549, 550, 551, 552, 553, 559, 560, 561, 562, 563, 564, 565, 566, 567, 568, 569, 570, 571, 574, 575, 576, 577, 578, 580, 581, 582, 583, 586, 587, 588, 589, 590, 591, 592, 593, 594, 595, 596, 597, 598, 603, 610, 613, 614, 615, 616, 617, 618, 619, 620, 622, 623, 624, 625, 626, 627, 628, 629, 637, 645, 646, 650, 653, 654, 655, 656, 657, 658, 659, 660, 662, 663, 664, 665, 666, 667, 668, 674, 680, 681, 691, 692, 695, 696, 697, 698, 699, 700, 703, 704, 705, 706, 715, 716, 724, 725, 730, 769, 770, 771, 776, 777, 784, 785, 787, 788, 789, 790, 792, 793, 800, 801, 807, 808, 809], "summary": {"covered_lines": 331, "num_statements": 333, "percent_covered": 99.3993993993994, "percent_covered_display": "99", "missing_lines": 2, "excluded_lines": 0, "percent_statements_covered": 99.3993993993994, "percent_statements_covered_display": "99"}, "missing_lines": [331, 606], "excluded_lines": [], "start_line": 115}, "": {"executed_lines": [9, 11, 12, 17, 18, 21, 22, 23, 24, 25, 28, 29, 32, 33, 34, 38, 41, 42, 45, 46, 47, 48, 49, 55, 64, 73, 81, 96, 97, 103, 104, 105, 106, 107, 108, 109, 115, 118, 151, 152, 155, 156, 159, 160, 165, 166, 169, 170, 173, 174, 177, 178, 181, 182, 185, 186, 189, 190, 193, 194, 197, 198, 201, 202, 205, 206, 209, 210, 216, 217, 235, 236, 248, 249, 252, 253, 256, 257, 260, 261, 264, 265, 268, 269, 274, 283, 291, 297, 303, 311, 316, 321, 325, 335, 339, 343, 347, 361, 384, 397, 408, 413, 418, 425, 432, 443, 456, 462, 472, 487, 498, 508, 522, 531, 534, 537, 547, 555, 573, 585, 602, 605, 608, 648, 683, 684, 729, 767, 768], "summary": {"covered_lines": 129, "num_statements": 129, "percent_covered": 100.0, "percent_covered_display": "100", "missing_lines": 0, "excluded_lines": 0, "percent_statements_covered": 100.0, "percent_statements_covered_display": "100"}, "missing_lines": [], "excluded_lines": [], "start_line": 1}}}, "cyber_qin\\core\\constants.py": {"executed_lines": [3, 6, 8, 9, 10, 15, 69, 70, 71, 74, 75, 76, 79, 82, 85, 86, 87, 90, 91, 92, 93, 96, 97], "summary": {"covered_lines": 23, "num_statements": 23, "percent_covered": 100.0, "percent_covered_display": "100", "missing_lines": 0, "excluded_lines": 0, "percent_statements_covered": 100.0, "percent_statements_covered_display": "100"}, "missing_lines": [], "excluded_lines": [], "functions": {"": {"executed_lines": [3, 6, 8, 9, 10, 15, 69, 70, 71, 74, 75, 76, 79, 82, 85, 86, 87, 90, 91, 92, 93, 96, 97], "summary": {"covered_lines": 23, "num_statements": 23, "percent_covered": 100.0, "percent_covered_display": "100", "missing_lines": 0, "excluded_lines": 0, "percent_statements_covered": 100.0, "percent_statements_covered_display": "100"}, "missing_lines": [], "excluded_lines": [], "start_line": 1}}, "classes": {"Modifier": {"executed_lines": [], "summary": {"covered_lines": 0, "num_statements": 0, "percent_covered": 100.0, "percent_covered_display": "100", "missing_lines": 0, "excluded_lines": 0, "percent_statements_covered": 100.0, "percent_statements_covered_display": "100"}, "missing_lines": [], "excluded_lines": [], "start_line": 6}, "": {"executed_lines": [3, 6, 8, 9, 10, 15, 69, 70, 71, 74, 75, 76, 79, 82, 85, 86, 87, 90, 91, 92, 93, 96, 97], "summary": {"covered_lines": 23, "num_statements": 23, "percent_covered": 100.0, "percent_covered_display": "100", "missing_lines": 0, "excluded_lines": 0, "percent_statements_covered": 100.0, "percent_statements_covered_display": "100"}, "missing_lines": [], "excluded_lines": [], "start_line": 1}}}, "cyber_qin\\core\\key_mapper.py": {"executed_lines": [3, 5, 6, 8, 14, 15, 17, 18, 19, 22, 24, 25, 26, 27, 28, 30, 31, 38, 81, 88, 89, 90, 91, 92, 94, 95, 97, 98, 99, 101, 102, 103, 105, 106, 108, 110, 116, 117, 119, 124, 125, 127, 129, 131, 132, 134, 135, 136, 138, 139, 141], "summary": {"covered_lines": 51, "num_statements": 51, "percent_covered": 100.0, "percent_covered_display": "100", "missing_lines": 0, "excluded_lines": 2, "percent_statements_covered": 100.0, "percent_statements_covered_display": "100"}, "missing_lines": [], "excluded_lines": [10, 11], "functions": {"_km": {"executed_lines": [24, 25, 26, 27, 28, 30, 31], "summary": {"covered_lines": 7, "num_statements": 7, "percent_covered": 100.0, "percent_covered_display": "100", "missing_lines": 0, "excluded_lines": 0, "percent_statements_covered": 100.0, "percent_statements_covered_display": "100"}, "missing_lines": [], "excluded_lines": [], "start_line": 22}, "KeyMapper.__init__": {"executed_lines": [89, 90, 91, 92, 94, 95], "summary": {"covered_lines": 6, "num_statements": 6, "percent_covered": 100.0, "percent_covered_display": "100", "missing_lines": 0, "excluded_lines": 0, "percent_statements_covered": 100.0, "percent_statements_covered_display": "100"}, "missing_lines": [], "excluded_lines": [], "start_line": 88}, "KeyMapper.transpose": {"executed_lines": [103], "summary": {"covered_lines": 1, "num_statements": 1, "percent_covered": 100.0, "percent_covered_display": "100", "missing_lines": 0, "excluded_lines": 0, "percent_statements_covered": 100.0, "percent_statements_covered_display": "100"}, "missing_lines": [], "excluded_lines": [], "start_line": 102}, "KeyMapper.scheme": {"executed_lines": [108], "summary": {"covered_lines": 1, "num_statements": 1, "percent_covered": 100.0, "percent_covered_display": "100", "missing_lines": 0, "excluded_lines": 0, "percent_statements_covered": 100.0, "percent_statements_covered_display": "100"}, "missing_lines": [], "excluded_lines": [], "start_line": 106}, "KeyMapper.set_scheme": {"executed_lines": [116, 117], "summary": {"covered_lines": 2, "num_statements": 2, "percent_covered": 100.0, "percent_covered_display": "100", "missing_lines": 0, "excluded_lines": 0, "percent_statements_covered": 100.0, "percent_statements_covered_display": "100"}, "missing_lines": [], "excluded_lines": [], "start_line": 110}, "KeyMapper.lookup": {"executed_lines": [124, 125], "summary": {"covered_lines": 2, "num_statements": 2, "percent_covered": 100.0, "percent_covered_display": "100", "missing_lines": 0, "excluded_lines": 0, "percent_statements_covered": 100.0, "percent_statements_covered_display": "100"}, "missing_lines": [], "excluded_lines": [], "start_line": 119}, "KeyMapper.current_mappings": {"executed_lines": [129], "summary": {"covered_lines": 1, "num_statements": 1, "percent_covered": 100.0, "percent_covered_display": "100", "missing_lines": 0, "excluded_lines": 0, "percent_statements_covered": 100.0, "percent_statements_covered_display": "100"}, "missing_lines": [], "excluded_lines": [], "start_line": 127}, "KeyMapper.note_name": {"executed_lines": [134, 135, 136], "summary": {"covered_lines": 3, "num_statements": 3, "percent_covered": 100.0, "percent_covered_display": "100", "missing_lines": 0, "excluded_lines": 0, "percent_statements_covered": 100.0, "percent_statements_covered_display": "100"}, "missing_lines": [], "excluded_lines": [], "start_line": 132}, "KeyMapper.all_mappings": {"executed_lines": [141], "summary": {"covered_lines": 1, "num_statements": 1, "percent_covered": 100.0, "percent_covered_display": "100", "missing_lines": 0, "excluded_lines": 0, "percent_statements_covered": 100.0, "percent_statements_covered_display": "100"}, "missing_lines": [], "excluded_lines": [], "start_line": 139}, "": {"executed_lines": [3, 5, 6, 8, 14, 15, 17, 18, 19, 22, 38, 81, 88, 97, 98, 101, 102, 105, 106, 110, 119, 127, 131, 132, 138, 139], "summary": {"covered_lines": 26, "num_statements": 26, "percent_covered": 100.0, "percent_covered_display": "100", "missing_lines": 0, "excluded_lines": 2, "percent_statements_covered": 100.0, "percent_statements_covered_display": "100"}, "missing_lines": [], "excluded_lines": [10, 11], "start_line": 1}}, "classes": {"KeyMapping": {"executed_lines": [], "summary": {"covered_lines": 0, "num_statements": 0, "percent_covered": 100.0, "percent_covered_display": "100", "missing_lines": 0, "excluded_lines": 0, "percent_statements_covered": 100.0, "percent_statements_covered_display": "100"}, "missing_lines": [], "excluded_lines": [], "start_line": 15}, "KeyMapper": {"executed_lines": [89, 90, 91, 92, 94, 95, 99, 103, 108, 116, 117, 124, 125, 129, 134, 135, 136, 141], "summary": {"covered_lines": 18, "num_statements": 18, "percent_covered": 100.0, "percent_covered_display": "100", "missing_lines": 0, "excluded_lines": 0, "percent_statements_covered": 100.0, "percent_statements_covered_display": "100"}, "missing_lines": [], "excluded_lines": [], "start_line": 81}, "": {"executed_lines": [3, 5, 6, 8, 14, 15, 17, 18, 19, 22, 24, 25, 26, 27, 28, 30, 31, 38, 81, 88, 97, 98, 101, 102, 105, 106, 110, 119, 127, 131, 132, 138, 139], "summary": {"covered_lines": 33, "num_statements": 33, "percent_covered": 100.0, "percent_covered_display": "100", "missing_lines": 0, "excluded_lines": 2, "percent_statements_covered": 100.0, "percent_statements_covered_display": "100"}, "missing_lines": [], "excluded_lines": [10, 11], "start_line": 1}}}, "cyber_qin\\core\\key_simulator.py": {"executed_lines": [3, 5, 6, 7, 8, 10, 28, 29, 39, 40, 49, 50, 57, 58, 59, 61, 62, 68, 69, 70, 73, 75, 76, 77, 78, 79, 80, 81, 82, 83, 84, 85, 88, 94, 95, 96, 97, 98, 99, 102, 109, 111, 113, 120, 121, 122, 128, 129, 131, 137, 138, 139, 140, 141, 142, 144, 146, 147, 149, 154, 155, 159, 160, 161, 163, 164, 166], "summary": {"covered_lines": 67, "num_statements": 69, "percent_covered": 97.10144927536231, "percent_covered_display": "97", "missing_lines": 2, "excluded_lines": 2, "percent_statements_covered": 97.10144927536231, "percent_statements_covered_display": "97"}, "missing_lines": [90, 91], "excluded_lines": [19, 20], "functions": {"_make_input": {"executed_lines": [75, 76, 77, 78, 79, 80, 81, 82, 83, 84, 85], "summary": {"covered_lines": 11, "num_statements": 11, "percent_covered": 100.0, "percent_covered_display": "100", "missing_lines": 0, "excluded_lines": 0, "percent_statements_covered": 100.0, "percent_statements_covered_display": "100"}, "missing_lines": [], "excluded_lines": [], "start_line": 73}, "_send": {"executed_lines": [], "summary": {"covered_lines": 0, "num_statements": 2, "percent_covered": 0.0, "percent_covered_display": "0", "missing_lines": 2, "excluded_lines": 0, "percent_statements_covered": 0.0, "percent_statements_covered_display": "0"}, "missing_lines": [90, 91], "excluded_lines": [], "start_line": 88}, "_modifier_scan": {"executed_lines": [95, 96, 97, 98, 99], "summary": {"covered_lines": 5, "num_statements": 5, "percent_covered": 100.0, "percent_covered_display": "100", "missing_lines": 0, "excluded_lines": 0, "percent_statements_covered": 100.0, "percent_statements_covered_display": "100"}, "missing_lines": [], "excluded_lines": [], "start_line": 94}, "KeySimulator.__init__": {"executed_lines": [111], "summary": {"covered_lines": 1, "num_statements": 1, "percent_covered": 100.0, "percent_covered_display": "100", "missing_lines": 0, "excluded_lines": 0, "percent_statements_covered": 100.0, "percent_statements_covered_display": "100"}, "missing_lines": [], "excluded_lines": [], "start_line": 109}, "KeySimulator.press": {"executed_lines": [120, 121, 122, 128, 129], "summary": {"covered_lines": 5, "num_statements": 5, "percent_covered": 100.0, "percent_covered_display": "100", "missing_lines": 0, "excluded_lines": 0, "percent_statements_covered": 100.0, "percent_statements_covered_display": "100"}, "missing_lines": [], "excluded_lines": [], "start_line": 113}, "KeySimulator.release": {"executed_lines": [137, 138, 139, 140, 141, 142], "summary": {"covered_lines": 6, "num_statements": 6, "percent_covered": 100.0, "percent_covered_display": "100", "missing_lines": 0, "excluded_lines": 0, "percent_statements_covered": 100.0, "percent_statements_covered_display": "100"}, "missing_lines": [], "excluded_lines": [], "start_line": 131}, "KeySimulator.release_all": {"executed_lines": [146, 147], "summary": {"covered_lines": 2, "num_statements": 2, "percent_covered": 100.0, "percent_covered_display": "100", "missing_lines": 0, "excluded_lines": 0, "percent_statements_covered": 100.0, "percent_statements_covered_display": "100"}, "missing_lines": [], "excluded_lines": [], "start_line": 144}, "KeySimulator.check_stuck_keys": {"executed_lines": [154, 155, 159, 160, 161], "summary": {"covered_lines": 5, "num_statements": 5, "percent_covered": 100.0, "percent_covered_display": "100", "missing_lines": 0, "excluded_lines": 0, "percent_statements_covered": 100.0, "percent_statements_covered_display": "100"}, "missing_lines": [], "excluded_lines": [], "start_line": 149}, "KeySimulator.active_notes": {"executed_lines": [166], "summary": {"covered_lines": 1, "num_statements": 1, "percent_covered": 100.0, "percent_covered_display": "100", "missing_lines": 0, "excluded_lines": 0, "percent_statements_covered": 100.0, "percent_statements_covered_display": "100"}, "missing_lines": [], "excluded_lines": [], "start_line": 164}, "": {"executed_lines": [3, 5, 6, 7, 8, 10, 28, 29, 39, 40, 49, 50, 57, 58, 59, 61, 62, 68, 69, 70, 73, 88, 94, 102, 109, 113, 131, 144, 149, 163, 164], "summary": {"covered_lines": 31, "num_statements": 31, "percent_covered": 100.0, "percent_covered_display": "100", "missing_lines": 0, "excluded_lines": 2, "percent_statements_covered": 100.0, "percent_statements_covered_display": "100"}, "missing_lines": [], "excluded_lines": [19, 20], "start_line": 1}}, "classes": {"MOUSEINPUT": {"executed_lines": [], "summary": {"covered_lines": 0, "num_statements": 0, "percent_covered": 100.0, "percent_covered_display": "100", "missing_lines": 0, "excluded_lines": 0, "percent_statements_covered": 100.0, "percent_statements_covered_display": "100"}, "missing_lines": [], "excluded_lines": [], "start_line": 28}, "KEYBDINPUT": {"executed_lines": [], "summary": {"covered_lines": 0, "num_statements": 0, "percent_covered": 100.0, "percent_covered_display": "100", "missing_lines": 0, "excluded_lines": 0, "percent_statements_covered": 100.0, "percent_statements_covered_display": "100"}, "missing_lines": [], "excluded_lines": [], "start_line": 39}, "HARDWAREINPUT": {"executed_lines": [], "summary": {"covered_lines": 0, "num_statements": 0, "percent_covered": 100.0, "percent_covered_display": "100", "missing_lines": 0, "excluded_lines": 0, "percent_statements_covered": 100.0, "percent_statements_covered_display": "100"}, "missing_lines": [], "excluded_lines": [], "start_line": 49}, "INPUT": {"executed_lines": [], "summary": {"covered_lines": 0, "num_statements": 0, "percent_covered": 100.0, "percent_covered_display": "100", "missing_lines": 0, "excluded_lines": 0, "percent_statements_covered": 100.0, "percent_statements_covered_display": "100"}, "missing_lines": [], "excluded_lines": [], "start_line": 57}, "INPUT._INPUT_UNION": {"executed_lines": [], "summary": {"covered_lines": 0, "num_statements": 0, "percent_covered": 100.0, "percent_covered_display": "100", "missing_lines": 0, "excluded_lines": 0, "percent_statements_covered": 100.0, "percent_statements_covered_display": "100"}, "missing_lines": [], "excluded_lines": [], "start_line": 58}, "KeySimulator": {"executed_lines": [111, 120, 121, 122, 128, 129, 137, 138, 139, 140, 141, 142, 146, 147, 154, 155, 159, 160, 161, 166], "summary": {"covered_lines": 20, "num_statements": 20, "percent_covered": 100.0, "percent_covered_display": "100", "missing_lines": 0, "excluded_lines": 0, "percent_statements_covered": 100.0, "percent_statements_covered_display": "100"}, "missing_lines": [], "excluded_lines": [], "start_line": 102}, "": {"executed_lines": [3, 5, 6, 7, 8, 10, 28, 29, 39, 40, 49, 50, 57, 58, 59, 61, 62, 68, 69, 70, 73, 75, 76, 77, 78, 79, 80, 81, 82, 83, 84, 85, 88, 94, 95, 96, 97, 98, 99, 102, 109, 113, 131, 144, 149, 163, 164], "summary": {"covered_lines": 47, "num_statements": 49, "percent_covered": 95.91836734693878, "percent_covered_display": "96", "missing_lines": 2, "excluded_lines": 2, "percent_statements_covered": 95.91836734693878, "percent_statements_covered_display": "96"}, "missing_lines": [90, 91], "excluded_lines": [19, 20], "start_line": 1}}}, "cyber_qin\\core\\mapping_schemes.py": {"executed_lines": [3, 5, 7, 8, 11, 12, 15, 16, 17, 18, 19, 20, 21, 22, 23, 29, 31, 33, 46, 48, 50, 51, 52, 55, 56, 57, 60, 61, 62, 65, 66, 67, 69, 82, 84, 87, 101, 102, 105, 119, 120, 122, 135, 137, 140, 141, 142, 143, 144, 147, 153, 154, 157, 163, 164, 167, 173, 174, 176, 189, 191, 197, 203, 212, 213, 214, 215, 216, 217, 218, 220, 221, 224, 225, 226, 227, 228, 229, 233, 248, 250, 253, 255, 256, 257, 264, 265, 268, 270, 271, 274, 276, 277, 280, 282], "summary": {"covered_lines": 95, "num_statements": 98, "percent_covered": 96.93877551020408, "percent_covered_display": "97", "missing_lines": 3, "excluded_lines": 0, "percent_statements_covered": 96.93877551020408, "percent_statements_covered_display": "97"}, "missing_lines": [219, 230, 231], "excluded_lines": [], "functions": {"_build_wwm_36": {"executed_lines": [31, 33], "summary": {"covered_lines": 2, "num_statements": 2, "percent_covered": 100.0, "percent_covered_display": "100", "missing_lines": 0, "excluded_lines": 0, "percent_statements_covered": 100.0, "percent_statements_covered_display": "100"}, "missing_lines": [], "excluded_lines": [], "start_line": 29}, "_build_ff14_32": {"executed_lines": [48, 50, 51, 52, 55, 56, 57, 60, 61, 62, 65, 66, 67, 69], "summary": {"covered_lines": 14, "num_statements": 14, "percent_covered": 100.0, "percent_covered_display": "100", "missing_lines": 0, "excluded_lines": 0, "percent_statements_covered": 100.0, "percent_statements_covered_display": "100"}, "missing_lines": [], "excluded_lines": [], "start_line": 46}, "_build_generic_24": {"executed_lines": [84, 87, 101, 102, 105, 119, 120, 122], "summary": {"covered_lines": 8, "num_statements": 8, "percent_covered": 100.0, "percent_covered_display": "100", "missing_lines": 0, "excluded_lines": 0, "percent_statements_covered": 100.0, "percent_statements_covered_display": "100"}, "missing_lines": [], "excluded_lines": [], "start_line": 82}, "_build_generic_48": {"executed_lines": [137, 140, 141, 142, 143, 144, 147, 153, 154, 157, 163, 164, 167, 173, 174, 176], "summary": {"covered_lines": 16, "num_statements": 16, "percent_covered": 100.0, "percent_covered_display": "100", "missing_lines": 0, "excluded_lines": 0, "percent_statements_covered": 100.0, "percent_statements_covered_display": "100"}, "missing_lines": [], "excluded_lines": [], "start_line": 135}, "_build_generic_88": {"executed_lines": [191, 197, 203, 212, 213, 214, 215, 216, 217, 218, 220, 221, 224, 225, 226, 227, 228, 229, 233], "summary": {"covered_lines": 19, "num_statements": 22, "percent_covered": 86.36363636363636, "percent_covered_display": "86", "missing_lines": 3, "excluded_lines": 0, "percent_statements_covered": 86.36363636363636, "percent_statements_covered_display": "86"}, "missing_lines": [219, 230, 231], "excluded_lines": [], "start_line": 189}, "_init_registry": {"executed_lines": [255, 256, 257, 264, 265], "summary": {"covered_lines": 5, "num_statements": 5, "percent_covered": 100.0, "percent_covered_display": "100", "missing_lines": 0, "excluded_lines": 0, "percent_statements_covered": 100.0, "percent_statements_covered_display": "100"}, "missing_lines": [], "excluded_lines": [], "start_line": 253}, "get_scheme": {"executed_lines": [270, 271], "summary": {"covered_lines": 2, "num_statements": 2, "percent_covered": 100.0, "percent_covered_display": "100", "missing_lines": 0, "excluded_lines": 0, "percent_statements_covered": 100.0, "percent_statements_covered_display": "100"}, "missing_lines": [], "excluded_lines": [], "start_line": 268}, "list_schemes": {"executed_lines": [276, 277], "summary": {"covered_lines": 2, "num_statements": 2, "percent_covered": 100.0, "percent_covered_display": "100", "missing_lines": 0, "excluded_lines": 0, "percent_statements_covered": 100.0, "percent_statements_covered_display": "100"}, "missing_lines": [], "excluded_lines": [], "start_line": 274}, "default_scheme_id": {"executed_lines": [282], "summary": {"covered_lines": 1, "num_statements": 1, "percent_covered": 100.0, "percent_covered_display": "100", "missing_lines": 0, "excluded_lines": 0, "percent_statements_covered": 100.0, "percent_statements_covered_display": "100"}, "missing_lines": [], "excluded_lines": [], "start_line": 280}, "": {"executed_lines": [3, 5, 7, 8, 11, 12, 15, 16, 17, 18, 19, 20, 21, 22, 23, 29, 46, 82, 135, 189, 248, 250, 253, 268, 274, 280], "summary": {"covered_lines": 26, "num_statements": 26, "percent_covered": 100.0, "percent_covered_display": "100", "missing_lines": 0, "excluded_lines": 0, "percent_statements_covered": 100.0, "percent_statements_covered_display": "100"}, "missing_lines": [], "excluded_lines": [], "start_line": 1}}, "classes": {"MappingScheme": {"executed_lines": [], "summary": {"covered_lines": 0, "num_statements": 0, "percent_covered": 100.0, "percent_covered_display": "100", "missing_lines": 0, "excluded_lines": 0, "percent_statements_covered": 100.0, "percent_statements_covered_display": "100"}, "missing_lines": [], "excluded_lines": [], "start_line": 12}, "": {"executed_lines": [3, 5, 7, 8, 11, 12, 15, 16, 17, 18, 19, 20, 21, 22, 23, 29, 31, 33, 46, 48, 50, 51, 52, 55, 56, 57, 60, 61, 62, 65, 66, 67, 69, 82, 84, 87, 101, 102, 105, 119, 120, 122, 135, 137, 140, 141, 142, 143, 144, 147, 153, 154, 157, 163, 164, 167, 173, 174, 176, 189, 191, 197, 203, 212, 213, 214, 215, 216, 217, 218, 220, 221, 224, 225, 226, 227, 228, 229, 233, 248, 250, 253, 255, 256, 257, 264, 265, 268, 270, 271, 274, 276, 277, 280, 282], "summary": {"covered_lines": 95, "num_statements": 98, "percent_covered": 96.93877551020408, "percent_covered_display": "97", "missing_lines": 3, "excluded_lines": 0, "percent_statements_covered": 96.93877551020408, "percent_statements_covered_display": "97"}, "missing_lines": [219, 230, 231], "excluded_lines": [], "start_line": 1}}}, "cyber_qin\\core\\midi_file_player.py": {"executed_lines": [7, 9, 10, 11, 12, 13, 14, 15, 17, 22, 29, 30, 31, 32, 35, 36, 38, 39, 40, 41, 42, 43, 46, 47, 49, 50, 51, 52, 53, 56, 57, 59, 60, 61, 62, 63, 64, 65, 68, 71, 72, 78, 79, 80, 81, 82, 83, 84, 85, 86, 87, 88, 90, 91, 93, 94, 95, 96, 97, 98, 99, 100, 101, 102, 103, 105, 106, 112, 113, 114, 115, 117, 118, 119, 121, 122, 123, 124, 125, 127, 128, 130, 132, 133, 134, 142, 143, 144, 147, 148, 156, 159, 160, 161, 162, 168, 177, 179, 180, 181, 183, 193, 203, 204, 207, 503, 509, 516], "summary": {"covered_lines": 108, "num_statements": 332, "percent_covered": 32.53012048192771, "percent_covered_display": "33", "missing_lines": 224, "excluded_lines": 2, "percent_statements_covered": 32.53012048192771, "percent_statements_covered_display": "33"}, "missing_lines": [131, 164, 211, 212, 214, 216, 226, 227, 228, 229, 230, 232, 233, 234, 235, 237, 238, 239, 240, 241, 242, 243, 244, 245, 246, 247, 248, 249, 250, 252, 253, 254, 256, 257, 258, 260, 261, 262, 264, 265, 266, 267, 268, 269, 271, 272, 273, 275, 276, 278, 279, 280, 281, 282, 283, 284, 285, 287, 288, 289, 290, 291, 293, 296, 298, 299, 300, 301, 302, 304, 305, 306, 307, 308, 309, 310, 311, 312, 313, 314, 316, 317, 318, 319, 320, 321, 322, 323, 324, 326, 327, 328, 330, 332, 333, 334, 336, 338, 339, 340, 341, 342, 344, 346, 347, 348, 349, 352, 353, 354, 355, 356, 358, 359, 362, 363, 364, 365, 366, 367, 369, 370, 371, 372, 373, 374, 375, 376, 378, 379, 381, 383, 384, 387, 388, 390, 392, 394, 395, 397, 398, 399, 401, 402, 403, 404, 405, 406, 408, 410, 411, 412, 413, 414, 416, 417, 418, 419, 420, 422, 423, 424, 425, 426, 427, 429, 430, 432, 433, 435, 436, 437, 438, 439, 440, 442, 445, 446, 447, 448, 449, 451, 452, 453, 455, 456, 457, 458, 459, 461, 462, 463, 465, 466, 467, 469, 470, 471, 473, 474, 476, 477, 478, 479, 481, 482, 484, 485, 487, 488, 490, 491, 493, 494, 496, 497, 499, 500, 505, 506, 511, 512, 518, 519], "excluded_lines": [19, 20], "functions": {"MidiFileParser._build_tempo_map": {"executed_lines": [78, 79, 80, 81, 82, 83, 84, 85, 86, 87, 88], "summary": {"covered_lines": 11, "num_statements": 11, "percent_covered": 100.0, "percent_covered_display": "100", "missing_lines": 0, "excluded_lines": 0, "percent_statements_covered": 100.0, "percent_statements_covered_display": "100"}, "missing_lines": [], "excluded_lines": [], "start_line": 72}, "MidiFileParser._tick_to_sec": {"executed_lines": [93, 94, 95, 96, 97, 98, 99, 100, 101, 102, 103], "summary": {"covered_lines": 11, "num_statements": 11, "percent_covered": 100.0, "percent_covered_display": "100", "missing_lines": 0, "excluded_lines": 0, "percent_statements_covered": 100.0, "percent_statements_covered_display": "100"}, "missing_lines": [], "excluded_lines": [], "start_line": 91}, "MidiFileParser.parse": {"executed_lines": [112, 113, 114, 115, 117, 118, 119, 121, 122, 123, 124, 125, 127, 128, 130, 132, 133, 134, 142, 143, 144, 147, 148, 156, 159, 160, 161, 162, 168, 177, 179, 180, 181, 183, 193], "summary": {"covered_lines": 35, "num_statements": 37, "percent_covered": 94.5945945945946, "percent_covered_display": "95", "missing_lines": 2, "excluded_lines": 0, "percent_statements_covered": 94.5945945945946, "percent_statements_covered_display": "95"}, "missing_lines": [131, 164], "excluded_lines": [], "start_line": 106}, "_ensure_qt_classes": {"executed_lines": [], "summary": {"covered_lines": 0, "num_statements": 52, "percent_covered": 0.0, "percent_covered_display": "0", "missing_lines": 52, "excluded_lines": 0, "percent_statements_covered": 0.0, "percent_statements_covered_display": "0"}, "missing_lines": [211, 212, 214, 216, 226, 227, 228, 229, 230, 232, 233, 234, 235, 237, 252, 253, 256, 257, 260, 261, 264, 271, 275, 298, 304, 316, 330, 336, 344, 381, 442, 445, 446, 447, 448, 449, 451, 461, 462, 465, 466, 469, 470, 473, 481, 484, 487, 490, 493, 496, 499, 500], "excluded_lines": [], "start_line": 207}, "_ensure_qt_classes.PlaybackWorker.__init__": {"executed_lines": [], "summary": {"covered_lines": 0, "num_statements": 13, "percent_covered": 0.0, "percent_covered_display": "0", "missing_lines": 13, "excluded_lines": 0, "percent_statements_covered": 0.0, "percent_statements_covered_display": "0"}, "missing_lines": [238, 239, 240, 241, 242, 243, 244, 245, 246, 247, 248, 249, 250], "excluded_lines": [], "start_line": 237}, "_ensure_qt_classes.PlaybackWorker.state": {"executed_lines": [], "summary": {"covered_lines": 0, "num_statements": 1, "percent_covered": 0.0, "percent_covered_display": "0", "missing_lines": 1, "excluded_lines": 0, "percent_statements_covered": 0.0, "percent_statements_covered_display": "0"}, "missing_lines": [254], "excluded_lines": [], "start_line": 253}, "_ensure_qt_classes.PlaybackWorker.info": {"executed_lines": [], "summary": {"covered_lines": 0, "num_statements": 1, "percent_covered": 0.0, "percent_covered_display": "0", "missing_lines": 1, "excluded_lines": 0, "percent_statements_covered": 0.0, "percent_statements_covered_display": "0"}, "missing_lines": [258], "excluded_lines": [], "start_line": 257}, "_ensure_qt_classes.PlaybackWorker.position": {"executed_lines": [], "summary": {"covered_lines": 0, "num_statements": 1, "percent_covered": 0.0, "percent_covered_display": "0", "missing_lines": 1, "excluded_lines": 0, "percent_statements_covered": 0.0, "percent_statements_covered_display": "0"}, "missing_lines": [262], "excluded_lines": [], "start_line": 261}, "_ensure_qt_classes.PlaybackWorker.load": {"executed_lines": [], "summary": {"covered_lines": 0, "num_statements": 5, "percent_covered": 0.0, "percent_covered_display": "0", "missing_lines": 5, "excluded_lines": 0, "percent_statements_covered": 0.0, "percent_statements_covered_display": "0"}, "missing_lines": [265, 266, 267, 268, 269], "excluded_lines": [], "start_line": 264}, "_ensure_qt_classes.PlaybackWorker.set_speed": {"executed_lines": [], "summary": {"covered_lines": 0, "num_statements": 2, "percent_covered": 0.0, "percent_covered_display": "0", "missing_lines": 2, "excluded_lines": 0, "percent_statements_covered": 0.0, "percent_statements_covered_display": "0"}, "missing_lines": [272, 273], "excluded_lines": [], "start_line": 271}, "_ensure_qt_classes.PlaybackWorker.play": {"executed_lines": [], "summary": {"covered_lines": 0, "num_statements": 16, "percent_covered": 0.0, "percent_covered_display": "0", "missing_lines": 16, "excluded_lines": 0, "percent_statements_covered": 0.0, "percent_statements_covered_display": "0"}, "missing_lines": [276, 278, 279, 280, 281, 282, 283, 284, 285, 287, 288, 289, 290, 291, 293, 296], "excluded_lines": [], "start_line": 275}, "_ensure_qt_classes.PlaybackWorker.pause": {"executed_lines": [], "summary": {"covered_lines": 0, "num_statements": 4, "percent_covered": 0.0, "percent_covered_display": "0", "missing_lines": 4, "excluded_lines": 0, "percent_statements_covered": 0.0, "percent_statements_covered_display": "0"}, "missing_lines": [299, 300, 301, 302], "excluded_lines": [], "start_line": 298}, "_ensure_qt_classes.PlaybackWorker.stop": {"executed_lines": [], "summary": {"covered_lines": 0, "num_statements": 10, "percent_covered": 0.0, "percent_covered_display": "0", "missing_lines": 10, "excluded_lines": 0, "percent_statements_covered": 0.0, "percent_statements_covered_display": "0"}, "missing_lines": [305, 306, 307, 308, 309, 310, 311, 312, 313, 314], "excluded_lines": [], "start_line": 304}, "_ensure_qt_classes.PlaybackWorker.seek": {"executed_lines": [], "summary": {"covered_lines": 0, "num_statements": 11, "percent_covered": 0.0, "percent_covered_display": "0", "missing_lines": 11, "excluded_lines": 0, "percent_statements_covered": 0.0, "percent_statements_covered_display": "0"}, "missing_lines": [317, 318, 319, 320, 321, 322, 323, 324, 326, 327, 328], "excluded_lines": [], "start_line": 316}, "_ensure_qt_classes.PlaybackWorker._join_playback_thread": {"executed_lines": [], "summary": {"covered_lines": 0, "num_statements": 3, "percent_covered": 0.0, "percent_covered_display": "0", "missing_lines": 3, "excluded_lines": 0, "percent_statements_covered": 0.0, "percent_statements_covered_display": "0"}, "missing_lines": [332, 333, 334], "excluded_lines": [], "start_line": 330}, "_ensure_qt_classes.PlaybackWorker._play_tick": {"executed_lines": [], "summary": {"covered_lines": 0, "num_statements": 5, "percent_covered": 0.0, "percent_covered_display": "0", "missing_lines": 5, "excluded_lines": 0, "percent_statements_covered": 0.0, "percent_statements_covered_display": "0"}, "missing_lines": [338, 339, 340, 341, 342], "excluded_lines": [], "start_line": 336}, "_ensure_qt_classes.PlaybackWorker._count_in": {"executed_lines": [], "summary": {"covered_lines": 0, "num_statements": 27, "percent_covered": 0.0, "percent_covered_display": "0", "missing_lines": 27, "excluded_lines": 0, "percent_statements_covered": 0.0, "percent_statements_covered_display": "0"}, "missing_lines": [346, 347, 348, 349, 352, 353, 354, 355, 356, 358, 359, 362, 363, 364, 365, 366, 367, 369, 370, 371, 372, 373, 374, 375, 376, 378, 379], "excluded_lines": [], "start_line": 344}, "_ensure_qt_classes.PlaybackWorker._run_playback": {"executed_lines": [], "summary": {"covered_lines": 0, "num_statements": 44, "percent_covered": 0.0, "percent_covered_display": "0", "missing_lines": 44, "excluded_lines": 0, "percent_statements_covered": 0.0, "percent_statements_covered_display": "0"}, "missing_lines": [383, 384, 387, 388, 390, 392, 394, 395, 397, 398, 399, 401, 402, 403, 404, 405, 406, 408, 410, 411, 412, 413, 414, 416, 417, 418, 419, 420, 422, 423, 424, 425, 426, 427, 429, 430, 432, 433, 435, 436, 437, 438, 439, 440], "excluded_lines": [], "start_line": 381}, "_ensure_qt_classes.MidiFilePlayerController.__init__": {"executed_lines": [], "summary": {"covered_lines": 0, "num_statements": 7, "percent_covered": 0.0, "percent_covered_display": "0", "missing_lines": 7, "excluded_lines": 0, "percent_statements_covered": 0.0, "percent_statements_covered_display": "0"}, "missing_lines": [452, 453, 455, 456, 457, 458, 459], "excluded_lines": [], "start_line": 451}, "_ensure_qt_classes.MidiFilePlayerController.worker": {"executed_lines": [], "summary": {"covered_lines": 0, "num_statements": 1, "percent_covered": 0.0, "percent_covered_display": "0", "missing_lines": 1, "excluded_lines": 0, "percent_statements_covered": 0.0, "percent_statements_covered_display": "0"}, "missing_lines": [463], "excluded_lines": [], "start_line": 462}, "_ensure_qt_classes.MidiFilePlayerController.state": {"executed_lines": [], "summary": {"covered_lines": 0, "num_statements": 1, "percent_covered": 0.0, "percent_covered_display": "0", "missing_lines": 1, "excluded_lines": 0, "percent_statements_covered": 0.0, "percent_statements_covered_display": "0"}, "missing_lines": [467], "excluded_lines": [], "start_line": 466}, "_ensure_qt_classes.MidiFilePlayerController.info": {"executed_lines": [], "summary": {"covered_lines": 0, "num_statements": 1, "percent_covered": 0.0, "percent_covered_display": "0", "missing_lines": 1, "excluded_lines": 0, "percent_statements_covered": 0.0, "percent_statements_covered_display": "0"}, "missing_lines": [471], "excluded_lines": [], "start_line": 470}, "_ensure_qt_classes.MidiFilePlayerController.load_file": {"executed_lines": [], "summary": {"covered_lines": 0, "num_statements": 5, "percent_covered": 0.0, "percent_covered_display": "0", "missing_lines": 5, "excluded_lines": 0, "percent_statements_covered": 0.0, "percent_statements_covered_display": "0"}, "missing_lines": [474, 476, 477, 478, 479], "excluded_lines": [], "start_line": 473}, "_ensure_qt_classes.MidiFilePlayerController.play": {"executed_lines": [], "summary": {"covered_lines": 0, "num_statements": 1, "percent_covered": 0.0, "percent_covered_display": "0", "missing_lines": 1, "excluded_lines": 0, "percent_statements_covered": 0.0, "percent_statements_covered_display": "0"}, "missing_lines": [482], "excluded_lines": [], "start_line": 481}, "_ensure_qt_classes.MidiFilePlayerController.pause": {"executed_lines": [], "summary": {"covered_lines": 0, "num_statements": 1, "percent_covered": 0.0, "percent_covered_display": "0", "missing_lines": 1, "excluded_lines": 0, "percent_statements_covered": 0.0, "percent_statements_covered_display": "0"}, "missing_lines": [485], "excluded_lines": [], "start_line": 484}, "_ensure_qt_classes.MidiFilePlayerController.stop": {"executed_lines": [], "summary": {"covered_lines": 0, "num_statements": 1, "percent_covered": 0.0, "percent_covered_display": "0", "missing_lines": 1, "excluded_lines": 0, "percent_statements_covered": 0.0, "percent_statements_covered_display": "0"}, "missing_lines": [488], "excluded_lines": [], "start_line": 487}, "_ensure_qt_classes.MidiFilePlayerController.seek": {"executed_lines": [], "summary": {"covered_lines": 0, "num_statements": 1, "percent_covered": 0.0, "percent_covered_display": "0", "missing_lines": 1, "excluded_lines": 0, "percent_statements_covered": 0.0, "percent_statements_covered_display": "0"}, "missing_lines": [491], "excluded_lines": [], "start_line": 490}, "_ensure_qt_classes.MidiFilePlayerController.set_speed": {"executed_lines": [], "summary": {"covered_lines": 0, "num_statements": 1, "percent_covered": 0.0, "percent_covered_display": "0", "missing_lines": 1, "excluded_lines": 0, "percent_statements_covered": 0.0, "percent_statements_covered_display": "0"}, "missing_lines": [494], "excluded_lines": [], "start_line": 493}, "_ensure_qt_classes.MidiFilePlayerController.cleanup": {"executed_lines": [], "summary": {"covered_lines": 0, "num_statements": 1, "percent_covered": 0.0, "percent_covered_display": "0", "missing_lines": 1, "excluded_lines": 0, "percent_statements_covered": 0.0, "percent_statements_covered_display": "0"}, "missing_lines": [497], "excluded_lines": [], "start_line": 496}, "get_playback_worker_class": {"executed_lines": [], "summary": {"covered_lines": 0, "num_statements": 2, "percent_covered": 0.0, "percent_covered_display": "0", "missing_lines": 2, "excluded_lines": 0, "percent_statements_covered": 0.0, "percent_statements_covered_display": "0"}, "missing_lines": [505, 506], "excluded_lines": [], "start_line": 503}, "get_player_controller_class": {"executed_lines": [], "summary": {"covered_lines": 0, "num_statements": 2, "percent_covered": 0.0, "percent_covered_display": "0", "missing_lines": 2, "excluded_lines": 0, "percent_statements_covered": 0.0, "percent_statements_covered_display": "0"}, "missing_lines": [511, 512], "excluded_lines": [], "start_line": 509}, "create_player_controller": {"executed_lines": [], "summary": {"covered_lines": 0, "num_statements": 2, "percent_covered": 0.0, "percent_covered_display": "0", "missing_lines": 2, "excluded_lines": 0, "percent_statements_covered": 0.0, "percent_statements_covered_display": "0"}, "missing_lines": [518, 519], "excluded_lines": [], "start_line": 516}, "": {"executed_lines": [7, 9, 10, 11, 12, 13, 14, 15, 17, 22, 29, 30, 31, 32, 35, 36, 38, 39, 40, 41, 42, 43, 46, 47, 49, 50, 51, 52, 53, 56, 57, 59, 60, 61, 62, 63, 64, 65, 68, 71, 72, 90, 91, 105, 106, 203, 204, 207, 503, 509, 516], "summary": {"covered_lines": 51, "num_statements": 51, "percent_covered": 100.0, "percent_covered_display": "100", "missing_lines": 0, "excluded_lines": 2, "percent_statements_covered": 100.0, "percent_statements_covered_display": "100"}, "missing_lines": [], "excluded_lines": [19, 20], "start_line": 1}}, "classes": {"PlaybackState": {"executed_lines": [], "summary": {"covered_lines": 0, "num_statements": 0, "percent_covered": 100.0, "percent_covered_display": "100", "missing_lines": 0, "excluded_lines": 0, "percent_statements_covered": 100.0, "percent_statements_covered_display": "100"}, "missing_lines": [], "excluded_lines": [], "start_line": 29}, "MidiFileEvent": {"executed_lines": [], "summary": {"covered_lines": 0, "num_statements": 0, "percent_covered": 100.0, "percent_covered_display": "100", "missing_lines": 0, "excluded_lines": 0, "percent_statements_covered": 100.0, "percent_statements_covered_display": "100"}, "missing_lines": [], "excluded_lines": [], "start_line": 36}, "MidiTrackInfo": {"executed_lines": [], "summary": {"covered_lines": 0, "num_statements": 0, "percent_covered": 100.0, "percent_covered_display": "100", "missing_lines": 0, "excluded_lines": 0, "percent_statements_covered": 100.0, "percent_statements_covered_display": "100"}, "missing_lines": [], "excluded_lines": [], "start_line": 47}, "MidiFileInfo": {"executed_lines": [], "summary": {"covered_lines": 0, "num_statements": 0, "percent_covered": 100.0, "percent_covered_display": "100", "missing_lines": 0, "excluded_lines": 0, "percent_statements_covered": 100.0, "percent_statements_covered_display": "100"}, "missing_lines": [], "excluded_lines": [], "start_line": 57}, "MidiFileParser": {"executed_lines": [78, 79, 80, 81, 82, 83, 84, 85, 86, 87, 88, 93, 94, 95, 96, 97, 98, 99, 100, 101, 102, 103, 112, 113, 114, 115, 117, 118, 119, 121, 122, 123, 124, 125, 127, 128, 130, 132, 133, 134, 142, 143, 144, 147, 148, 156, 159, 160, 161, 162, 168, 177, 179, 180, 181, 183, 193], "summary": {"covered_lines": 57, "num_statements": 59, "percent_covered": 96.61016949152543, "percent_covered_display": "97", "missing_lines": 2, "excluded_lines": 0, "percent_statements_covered": 96.61016949152543, "percent_statements_covered_display": "97"}, "missing_lines": [131, 164], "excluded_lines": [], "start_line": 68}, "_ensure_qt_classes.PlaybackWorker": {"executed_lines": [], "summary": {"covered_lines": 0, "num_statements": 143, "percent_covered": 0.0, "percent_covered_display": "0", "missing_lines": 143, "excluded_lines": 0, "percent_statements_covered": 0.0, "percent_statements_covered_display": "0"}, "missing_lines": [238, 239, 240, 241, 242, 243, 244, 245, 246, 247, 248, 249, 250, 254, 258, 262, 265, 266, 267, 268, 269, 272, 273, 276, 278, 279, 280, 281, 282, 283, 284, 285, 287, 288, 289, 290, 291, 293, 296, 299, 300, 301, 302, 305, 306, 307, 308, 309, 310, 311, 312, 313, 314, 317, 318, 319, 320, 321, 322, 323, 324, 326, 327, 328, 332, 333, 334, 338, 339, 340, 341, 342, 346, 347, 348, 349, 352, 353, 354, 355, 356, 358, 359, 362, 363, 364, 365, 366, 367, 369, 370, 371, 372, 373, 374, 375, 376, 378, 379, 383, 384, 387, 388, 390, 392, 394, 395, 397, 398, 399, 401, 402, 403, 404, 405, 406, 408, 410, 411, 412, 413, 414, 416, 417, 418, 419, 420, 422, 423, 424, 425, 426, 427, 429, 430, 432, 433, 435, 436, 437, 438, 439, 440], "excluded_lines": [], "start_line": 216}, "_ensure_qt_classes.MidiFilePlayerController": {"executed_lines": [], "summary": {"covered_lines": 0, "num_statements": 21, "percent_covered": 0.0, "percent_covered_display": "0", "missing_lines": 21, "excluded_lines": 0, "percent_statements_covered": 0.0, "percent_statements_covered_display": "0"}, "missing_lines": [452, 453, 455, 456, 457, 458, 459, 463, 467, 471, 474, 476, 477, 478, 479, 482, 485, 488, 491, 494, 497], "excluded_lines": [], "start_line": 442}, "": {"executed_lines": [7, 9, 10, 11, 12, 13, 14, 15, 17, 22, 29, 30, 31, 32, 35, 36, 38, 39, 40, 41, 42, 43, 46, 47, 49, 50, 51, 52, 53, 56, 57, 59, 60, 61, 62, 63, 64, 65, 68, 71, 72, 90, 91, 105, 106, 203, 204, 207, 503, 509, 516], "summary": {"covered_lines": 51, "num_statements": 109, "percent_covered": 46.788990825688074, "percent_covered_display": "47", "missing_lines": 58, "excluded_lines": 2, "percent_statements_covered": 46.788990825688074, "percent_statements_covered_display": "47"}, "missing_lines": [211, 212, 214, 216, 226, 227, 228, 229, 230, 232, 233, 234, 235, 237, 252, 253, 256, 257, 260, 261, 264, 271, 275, 298, 304, 316, 330, 336, 344, 381, 442, 445, 446, 447, 448, 449, 451, 461, 462, 465, 466, 469, 470, 473, 481, 484, 487, 490, 493, 496, 499, 500, 505, 506, 511, 512, 518, 519], "excluded_lines": [19, 20], "start_line": 1}}}, "cyber_qin\\core\\midi_listener.py": {"executed_lines": [3, 5, 6, 8, 10, 13, 16, 22, 23, 24, 25, 26, 28, 29, 31, 33, 34, 35, 37, 38, 39, 41, 55, 56, 57, 58, 59, 60, 61, 62, 63, 64, 65, 67, 69, 70, 71, 72, 73, 74, 75, 76, 78, 80, 81, 82, 83, 84, 85, 86, 88, 89], "summary": {"covered_lines": 52, "num_statements": 52, "percent_covered": 100.0, "percent_covered_display": "100", "missing_lines": 0, "excluded_lines": 0, "percent_statements_covered": 100.0, "percent_statements_covered_display": "100"}, "missing_lines": [], "excluded_lines": [], "functions": {"MidiListener.__init__": {"executed_lines": [23, 24, 25, 26], "summary": {"covered_lines": 4, "num_statements": 4, "percent_covered": 100.0, "percent_covered_display": "100", "missing_lines": 0, "excluded_lines": 0, "percent_statements_covered": 100.0, "percent_statements_covered_display": "100"}, "missing_lines": [], "excluded_lines": [], "start_line": 22}, "MidiListener.list_ports": {"executed_lines": [31], "summary": {"covered_lines": 1, "num_statements": 1, "percent_covered": 100.0, "percent_covered_display": "100", "missing_lines": 0, "excluded_lines": 0, "percent_statements_covered": 100.0, "percent_statements_covered_display": "100"}, "missing_lines": [], "excluded_lines": [], "start_line": 29}, "MidiListener.connected": {"executed_lines": [35], "summary": {"covered_lines": 1, "num_statements": 1, "percent_covered": 100.0, "percent_covered_display": "100", "missing_lines": 0, "excluded_lines": 0, "percent_statements_covered": 100.0, "percent_statements_covered_display": "100"}, "missing_lines": [], "excluded_lines": [], "start_line": 34}, "MidiListener.port_name": {"executed_lines": [39], "summary": {"covered_lines": 1, "num_statements": 1, "percent_covered": 100.0, "percent_covered_display": "100", "missing_lines": 0, "excluded_lines": 0, "percent_statements_covered": 100.0, "percent_statements_covered_display": "100"}, "missing_lines": [], "excluded_lines": [], "start_line": 38}, "MidiListener.open": {"executed_lines": [55, 56, 57, 58, 59, 60, 61, 62, 63, 64, 65], "summary": {"covered_lines": 11, "num_statements": 11, "percent_covered": 100.0, "percent_covered_display": "100", "missing_lines": 0, "excluded_lines": 0, "percent_statements_covered": 100.0, "percent_statements_covered_display": "100"}, "missing_lines": [], "excluded_lines": [], "start_line": 41}, "MidiListener.close": {"executed_lines": [69, 70, 71, 72, 73, 74, 75, 76], "summary": {"covered_lines": 8, "num_statements": 8, "percent_covered": 100.0, "percent_covered_display": "100", "missing_lines": 0, "excluded_lines": 0, "percent_statements_covered": 100.0, "percent_statements_covered_display": "100"}, "missing_lines": [], "excluded_lines": [], "start_line": 67}, "MidiListener._on_message": {"executed_lines": [80, 81, 82, 83, 84, 85, 86, 88, 89], "summary": {"covered_lines": 9, "num_statements": 9, "percent_covered": 100.0, "percent_covered_display": "100", "missing_lines": 0, "excluded_lines": 0, "percent_statements_covered": 100.0, "percent_statements_covered_display": "100"}, "missing_lines": [], "excluded_lines": [], "start_line": 78}, "": {"executed_lines": [3, 5, 6, 8, 10, 13, 16, 22, 28, 29, 33, 34, 37, 38, 41, 67, 78], "summary": {"covered_lines": 17, "num_statements": 17, "percent_covered": 100.0, "percent_covered_display": "100", "missing_lines": 0, "excluded_lines": 0, "percent_statements_covered": 100.0, "percent_statements_covered_display": "100"}, "missing_lines": [], "excluded_lines": [], "start_line": 1}}, "classes": {"MidiListener": {"executed_lines": [23, 24, 25, 26, 31, 35, 3
[...]
31, 132, 133, 134, 135, 136, 137, 138, 139, 140, 142, 143, 144, 145, 148, 151, 152, 153, 154, 157, 158, 159, 161, 162, 163, 165, 167, 168, 169, 170, 171, 172, 173, 174, 175, 177, 179, 180], "summary": {"covered_lines": 92, "num_statements": 92, "percent_covered": 100.0, "percent_covered_display": "100", "missing_lines": 0, "excluded_lines": 0, "percent_statements_covered": 100.0, "percent_statements_covered_display": "100"}, "missing_lines": [], "excluded_lines": [], "functions": {"MidiWriter.save": {"executed_lines": [32, 33, 35, 36, 37, 39, 40, 43, 44, 45, 48, 50, 51, 54, 55, 59, 61, 63, 64], "summary": {"covered_lines": 19, "num_statements": 19, "percent_covered": 100.0, "percent_covered_display": "100", "missing_lines": 0, "excluded_lines": 0, "percent_statements_covered": 100.0, "percent_statements_covered_display": "100"}, "missing_lines": [], "excluded_lines": [], "start_line": 20}, "MidiWriter.recorded_to_file_events": {"executed_lines": [72, 74, 75, 76, 84, 85], "summary": {"covered_lines": 6, "num_statements": 6, "percent_covered": 100.0, "percent_covered_display": "100", "missing_lines": 0, "excluded_lines": 0, "percent_statements_covered": 100.0, "percent_statements_covered_display": "100"}, "missing_lines": [], "excluded_lines": [], "start_line": 67}, "MidiWriter.save_multitrack": {"executed_lines": [104, 105, 107, 109, 110, 113, 114, 115, 117, 120, 121, 122, 123, 124, 126, 128, 129, 131, 132, 133, 134, 135, 136, 137, 138, 139, 140, 142, 143, 144, 145, 148, 151, 152, 153, 154, 157, 158, 159, 161, 162, 163, 165, 167, 168, 169, 170, 171, 172, 173, 174, 175, 177, 179, 180], "summary": {"covered_lines": 55, "num_statements": 55, "percent_covered": 100.0, "percent_covered_display": "100", "missing_lines": 0, "excluded_lines": 0, "percent_statements_covered": 100.0, "percent_statements_covered_display": "100"}, "missing_lines": [], "excluded_lines": [], "start_line": 88}, "": {"executed_lines": [6, 8, 10, 12, 13, 16, 19, 20, 66, 67, 87, 88], "summary": {"covered_lines": 12, "num_statements": 12, "percent_covered": 100.0, "percent_covered_display": "100", "missing_lines": 0, "excluded_lines": 0, "percent_statements_covered": 100.0, "percent_statements_covered_display": "100"}, "missing_lines": [], "excluded_lines": [], "start_line": 1}}, "classes": {"MidiWriter": {"executed_lines": [32, 33, 35, 36, 37, 39, 40, 43, 44, 45, 48, 50, 51, 54, 55, 59, 61, 63, 64, 72, 74, 75, 76, 84, 85, 104, 105, 107, 109, 110, 113, 114, 115, 117, 120, 121, 122, 123, 124, 126, 128, 129, 131, 132, 133, 134, 135, 136, 137, 138, 139, 140, 142, 143, 144, 145, 148, 151, 152, 153, 154, 157, 158, 159, 161, 162, 163, 165, 167, 168, 169, 170, 171, 172, 173, 174, 175, 177, 179, 180], "summary": {"covered_lines": 80, "num_statements": 80, "percent_covered": 100.0, "percent_covered_display": "100", "missing_lines": 0, "excluded_lines": 0, "percent_statements_covered": 100.0, "percent_statements_covered_display": "100"}, "missing_lines": [], "excluded_lines": [], "start_line": 16}, "": {"executed_lines": [6, 8, 10, 12, 13, 16, 19, 20, 66, 67, 87, 88], "summary": {"covered_lines": 12, "num_statements": 12, "percent_covered": 100.0, "percent_covered_display": "100", "missing_lines": 0, "excluded_lines": 0, "percent_statements_covered": 100.0, "percent_statements_covered_display": "100"}, "missing_lines": [], "excluded_lines": [], "start_line": 1}}}, "cyber_qin\\core\\note_sequence.py": {"executed_lines": [7, 9, 10, 13, 14, 17, 18, 19, 20, 24, 32, 35, 38, 39, 40, 41, 42, 43, 44, 48, 49, 50, 52, 53, 54, 56, 57, 58, 60, 61, 62, 64, 65, 66, 68, 69, 70, 72, 73, 75, 76, 77, 79, 80, 81, 83, 84, 85, 89, 90, 91, 92, 93, 94, 96, 97, 98, 100, 101, 103, 104, 105, 106, 107, 111, 113, 114, 120, 121, 122, 124, 126, 127, 128, 130, 132, 133, 134, 135, 136, 137, 138, 140, 142, 143, 144, 145, 149, 151, 153, 155, 156, 157, 161, 162, 167, 169, 170, 171, 172, 173, 174, 175, 176, 183, 184, 190, 191, 193, 195, 197, 198, 199, 205, 211, 212, 214, 216, 218, 219, 220, 226, 232, 233], "summary": {"covered_lines": 124, "num_statements": 124, "percent_covered": 100.0, "percent_covered_display": "100", "missing_lines": 0, "excluded_lines": 0, "percent_statements_covered": 100.0, "percent_statements_covered_display": "100"}, "missing_lines": [], "excluded_lines": [], "functions": {"NoteSequence.__init__": {"executed_lines": [39, 40, 41, 42, 43, 44], "summary": {"covered_lines": 6, "num_statements": 6, "percent_covered": 100.0, "percent_covered_display": "100", "missing_lines": 0, "excluded_lines": 0, "percent_statements_covered": 100.0, "percent_statements_covered_display": "100"}, "missing_lines": [], "excluded_lines": [], "start_line": 38}, "NoteSequence.notes": {"executed_lines": [50], "summary": {"covered_lines": 1, "num_statements": 1, "percent_covered": 100.0, "percent_covered_display": "100", "missing_lines": 0, "excluded_lines": 0, "percent_statements_covered": 100.0, "percent_statements_covered_display": "100"}, "missing_lines": [], "excluded_lines": [], "start_line": 49}, "NoteSequence.note_count": {"executed_lines": [54], "summary": {"covered_lines": 1, "num_statements": 1, "percent_covered": 100.0, "percent_covered_display": "100", "missing_lines": 0, "excluded_lines": 0, "percent_statements_covered": 100.0, "percent_statements_covered_display": "100"}, "missing_lines": [], "excluded_lines": [], "start_line": 53}, "NoteSequence.cursor_time": {"executed_lines": [62], "summary": {"covered_lines": 1, "num_statements": 1, "percent_covered": 100.0, "percent_covered_display": "100", "missing_lines": 0, "excluded_lines": 0, "percent_statements_covered": 100.0, "percent_statements_covered_display": "100"}, "missing_lines": [], "excluded_lines": [], "start_line": 61}, "NoteSequence.step_label": {"executed_lines": [66], "summary": {"covered_lines": 1, "num_statements": 1, "percent_covered": 100.0, "percent_covered_display": "100", "missing_lines": 0, "excluded_lines": 0, "percent_statements_covered": 100.0, "percent_statements_covered_display": "100"}, "missing_lines": [], "excluded_lines": [], "start_line": 65}, "NoteSequence.step_duration": {"executed_lines": [70], "summary": {"covered_lines": 1, "num_statements": 1, "percent_covered": 100.0, "percent_covered_display": "100", "missing_lines": 0, "excluded_lines": 0, "percent_statements_covered": 100.0, "percent_statements_covered_display": "100"}, "missing_lines": [], "excluded_lines": [], "start_line": 69}, "NoteSequence.duration": {"executed_lines": [75, 76, 77], "summary": {"covered_lines": 3, "num_statements": 3, "percent_covered": 100.0, "percent_covered_display": "100", "missing_lines": 0, "excluded_lines": 0, "percent_statements_covered": 100.0, "percent_statements_covered_display": "100"}, "missing_lines": [], "excluded_lines": [], "start_line": 73}, "NoteSequence.can_undo": {"executed_lines": [81], "summary": {"covered_lines": 1, "num_statements": 1, "percent_covered": 100.0, "percent_covered_display": "100", "missing_lines": 0, "excluded_lines": 0, "percent_statements_covered": 100.0, "percent_statements_covered_display": "100"}, "missing_lines": [], "excluded_lines": [], "start_line": 80}, "NoteSequence.can_redo": {"executed_lines": [85], "summary": {"covered_lines": 1, "num_statements": 1, "percent_covered": 100.0, "percent_covered_display": "100", "missing_lines": 0, "excluded_lines": 0, "percent_statements_covered": 100.0, "percent_statements_covered_display": "100"}, "missing_lines": [], "excluded_lines": [], "start_line": 84}, "NoteSequence._push_undo": {"executed_lines": [90, 91, 92, 93, 94], "summary": {"covered_lines": 5, "num_statements": 5, "percent_covered": 100.0, "percent_covered_display": "100", "missing_lines": 0, "excluded_lines": 0, "percent_statements_covered": 100.0, "percent_statements_covered_display": "100"}, "missing_lines": [], "excluded_lines": [], "start_line": 89}, "NoteSequence.undo": {"executed_lines": [97, 98, 100, 101], "summary": {"covered_lines": 4, "num_statements": 4, "percent_covered": 100.0, "percent_covered_display": "100", "missing_lines": 0, "excluded_lines": 0, "percent_statements_covered": 100.0, "percent_statements_covered_display": "100"}, "missing_lines": [], "excluded_lines": [], "start_line": 96}, "NoteSequence.redo": {"executed_lines": [104, 105, 106, 107], "summary": {"covered_lines": 4, "num_statements": 4, "percent_covered": 100.0, "percent_covered_display": "100", "missing_lines": 0, "excluded_lines": 0, "percent_statements_covered": 100.0, "percent_statements_covered_display": "100"}, "missing_lines": [], "excluded_lines": [], "start_line": 103}, "NoteSequence.add_note": {"executed_lines": [113, 114, 120, 121, 122], "summary": {"covered_lines": 5, "num_statements": 5, "percent_covered": 100.0, "percent_covered_display": "100", "missing_lines": 0, "excluded_lines": 0, "percent_statements_covered": 100.0, "percent_statements_covered_display": "100"}, "missing_lines": [], "excluded_lines": [], "start_line": 111}, "NoteSequence.delete_note": {"executed_lines": [126, 127, 128], "summary": {"covered_lines": 3, "num_statements": 3, "percent_covered": 100.0, "percent_covered_display": "100", "missing_lines": 0, "excluded_lines": 0, "percent_statements_covered": 100.0, "percent_statements_covered_display": "100"}, "missing_lines": [], "excluded_lines": [], "start_line": 124}, "NoteSequence.move_note": {"executed_lines": [132, 133, 134, 135, 136, 137, 138], "summary": {"covered_lines": 7, "num_statements": 7, "percent_covered": 100.0, "percent_covered_display": "100", "missing_lines": 0, "excluded_lines": 0, "percent_statements_covered": 100.0, "percent_statements_covered_display": "100"}, "missing_lines": [], "excluded_lines": [], "start_line": 130}, "NoteSequence.clear": {"executed_lines": [142, 143, 144, 145], "summary": {"covered_lines": 4, "num_statements": 4, "percent_covered": 100.0, "percent_covered_display": "100", "missing_lines": 0, "excluded_lines": 0, "percent_statements_covered": 100.0, "percent_statements_covered_display": "100"}, "missing_lines": [], "excluded_lines": [], "start_line": 140}, "NoteSequence.advance_cursor": {"executed_lines": [151], "summary": {"covered_lines": 1, "num_statements": 1, "percent_covered": 100.0, "percent_covered_display": "100", "missing_lines": 0, "excluded_lines": 0, "percent_statements_covered": 100.0, "percent_statements_covered_display": "100"}, "missing_lines": [], "excluded_lines": [], "start_line": 149}, "NoteSequence.set_step_duration": {"executed_lines": [155, 156, 157], "summary": {"covered_lines": 3, "num_statements": 3, "percent_covered": 100.0, "percent_covered_display": "100", "missing_lines": 0, "excluded_lines": 0, "percent_statements_covered": 100.0, "percent_statements_covered_display": "100"}, "missing_lines": [], "excluded_lines": [], "start_line": 153}, "NoteSequence.from_midi_file_events": {"executed_lines": [167, 169, 170, 171, 172, 173, 174, 175, 176, 183, 184, 190, 191], "summary": {"covered_lines": 13, "num_statements": 13, "percent_covered": 100.0, "percent_covered_display": "100", "missing_lines": 0, "excluded_lines": 0, "percent_statements_covered": 100.0, "percent_statements_covered_display": "100"}, "missing_lines": [], "excluded_lines": [], "start_line": 162}, "NoteSequence.to_midi_file_events": {"executed_lines": [195, 197, 198, 199, 205, 211, 212], "summary": {"covered_lines": 7, "num_statements": 7, "percent_covered": 100.0, "percent_covered_display": "100", "missing_lines": 0, "excluded_lines": 0, "percent_statements_covered": 100.0, "percent_statements_covered_display": "100"}, "missing_lines": [], "excluded_lines": [], "start_line": 193}, "NoteSequence.to_recorded_events": {"executed_lines": [216, 218, 219, 220, 226, 232, 233], "summary": {"covered_lines": 7, "num_statements": 7, "percent_covered": 100.0, "percent_covered_display": "100", "missing_lines": 0, "excluded_lines": 0, "percent_statements_covered": 100.0, "percent_statements_covered_display": "100"}, "missing_lines": [], "excluded_lines": [], "start_line": 214}, "": {"executed_lines": [7, 9, 10, 13, 14, 17, 18, 19, 20, 24, 32, 35, 38, 48, 49, 52, 53, 56, 57, 60, 61, 64, 65, 68, 69, 72, 73, 79, 80, 83, 84, 89, 96, 103, 111, 124, 130, 140, 149, 153, 161, 162, 193, 214], "summary": {"covered_lines": 44, "num_statements": 44, "percent_covered": 100.0, "percent_covered_display": "100", "missing_lines": 0, "excluded_lines": 0, "percent_statements_covered": 100.0, "percent_statements_covered_display": "100"}, "missing_lines": [], "excluded_lines": [], "start_line": 1}}, "classes": {"EditableNote": {"executed_lines": [], "summary": {"covered_lines": 0, "num_statements": 0, "percent_covered": 100.0, "percent_covered_display": "100", "missing_lines": 0, "excluded_lines": 0, "percent_statements_covered": 100.0, "percent_statements_covered_display": "100"}, "missing_lines": [], "excluded_lines": [], "start_line": 14}, "NoteSequence": {"executed_lines": [39, 40, 41, 42, 43, 44, 50, 54, 58, 62, 66, 70, 75, 76, 77, 81, 85, 90, 91, 92, 93, 94, 97, 98, 100, 101, 104, 105, 106, 107, 113, 114, 120, 121, 122, 126, 127, 128, 132, 133, 134, 135, 136, 137, 138, 142, 143, 144, 145, 151, 155, 156, 157, 167, 169, 170, 171, 172, 173, 174, 175, 176, 183, 184, 190, 191, 195, 197, 198, 199, 205, 211, 212, 216, 218, 219, 220, 226, 232, 233], "summary": {"covered_lines": 80, "num_statements": 80, "percent_covered": 100.0, "percent_covered_display": "100", "missing_lines": 0, "excluded_lines": 0, "percent_statements_covered": 100.0, "percent_statements_covered_display": "100"}, "missing_lines": [], "excluded_lines": [], "start_line": 35}, "": {"executed_lines": [7, 9, 10, 13, 14, 17, 18, 19, 20, 24, 32, 35, 38, 48, 49, 52, 53, 56, 57, 60, 61, 64, 65, 68, 69, 72, 73, 79, 80, 83, 84, 89, 96, 103, 111, 124, 130, 140, 149, 153, 161, 162, 193, 214], "summary": {"covered_lines": 44, "num_statements": 44, "percent_covered": 100.0, "percent_covered_display": "100", "missing_lines": 0, "excluded_lines": 0, "percent_statements_covered": 100.0, "percent_statements_covered_display": "100"}, "missing_lines": [], "excluded_lines": [], "start_line": 1}}}, "cyber_qin\\core\\priority.py": {"executed_lines": [3, 5, 6, 7, 9, 12, 13, 16, 22, 23, 24, 25, 26, 29, 30, 31, 32, 33, 34, 35, 36, 37, 38, 39, 42, 48, 49, 50, 51, 52, 53, 54, 56, 57, 58, 59, 60, 63, 69, 70, 71, 72, 73, 74, 75, 76, 77, 78, 79], "summary": {"covered_lines": 49, "num_statements": 49, "percent_covered": 100.0, "percent_covered_display": "100", "missing_lines": 0, "excluded_lines": 0, "percent_statements_covered": 100.0, "percent_statements_covered_display": "100"}, "missing_lines": [], "excluded_lines": [], "functions": {"set_thread_priority_realtime": {"executed_lines": [22, 23, 24, 25, 26, 29, 30, 31, 32, 33, 34, 35, 36, 37, 38, 39], "summary": {"covered_lines": 16, "num_statements": 16, "percent_covered": 100.0, "percent_covered_display": "100", "missing_lines": 0, "excluded_lines": 0, "percent_statements_covered": 100.0, "percent_statements_covered_display": "100"}, "missing_lines": [], "excluded_lines": [], "start_line": 16}, "begin_timer_period": {"executed_lines": [48, 49, 50, 51, 52, 53, 54, 56, 57, 58, 59, 60], "summary": {"covered_lines": 12, "num_statements": 12, "percent_covered": 100.0, "percent_covered_display": "100", "missing_lines": 0, "excluded_lines": 0, "percent_statements_covered": 100.0, "percent_statements_covered_display": "100"}, "missing_lines": [], "excluded_lines": [], "start_line": 42}, "end_timer_period": {"executed_lines": [69, 70, 71, 72, 73, 74, 75, 76, 77, 78, 79], "summary": {"covered_lines": 11, "num_statements": 11, "percent_covered": 100.0, "percent_covered_display": "100", "missing_lines": 0, "excluded_lines": 0, "percent_statements_covered": 100.0, "percent_statements_covered_display": "100"}, "missing_lines": [], "excluded_lines": [], "start_line": 63}, "": {"executed_lines": [3, 5, 6, 7, 9, 12, 13, 16, 42, 63], "summary": {"covered_lines": 10, "num_statements": 10, "percent_covered": 100.0, "percent_covered_display": "100", "missing_lines": 0, "excluded_lines": 0, "percent_statements_covered": 100.0, "percent_statements_covered_display": "100"}, "missing_lines": [], "excluded_lines": [], "start_line": 1}}, "classes": {"": {"executed_lines": [3, 5, 6, 7, 9, 12, 13, 16, 22, 23, 24, 25, 26, 29, 30, 31, 32, 33, 34, 35, 36, 37, 38, 39, 42, 48, 49, 50, 51, 52, 53, 54, 56, 57, 58, 59, 60, 63, 69, 70, 71, 72, 73, 74, 75, 76, 77, 78, 79], "summary": {"covered_lines": 49, "num_statements": 49, "percent_covered": 100.0, "percent_covered_display": "100", "missing_lines": 0, "excluded_lines": 0, "percent_statements_covered": 100.0, "percent_statements_covered_display": "100"}, "missing_lines": [], "excluded_lines": [], "start_line": 1}}}, "cyber_qin\\core\\project_file.py": {"executed_lines": [3, 5, 6, 7, 9, 11, 12, 15, 17, 18, 19, 20, 21, 22, 25, 27, 28, 29, 30, 31, 34, 36, 39, 41, 42, 43, 44, 45, 46, 49, 51], "summary": {"covered_lines": 31, "num_statements": 31, "percent_covered": 100.0, "percent_covered_display": "100", "missing_lines": 0, "excluded_lines": 0, "percent_statements_covered": 100.0, "percent_statements_covered_display": "100"}, "missing_lines": [], "excluded_lines": [], "functions": {"save": {"executed_lines": [17, 18, 19, 20, 21, 22], "summary": {"covered_lines": 6, "num_statements": 6, "percent_covered": 100.0, "percent_covered_display": "100", "missing_lines": 0, "excluded_lines": 0, "percent_statements_covered": 100.0, "percent_statements_covered_display": "100"}, "missing_lines": [], "excluded_lines": [], "start_line": 15}, "load": {"executed_lines": [27, 28, 29, 30, 31], "summary": {"covered_lines": 5, "num_statements": 5, "percent_covered": 100.0, "percent_covered_display": "100", "missing_lines": 0, "excluded_lines": 0, "percent_statements_covered": 100.0, "percent_statements_covered_display": "100"}, "missing_lines": [], "excluded_lines": [], "start_line": 25}, "autosave": {"executed_lines": [36], "summary": {"covered_lines": 1, "num_statements": 1, "percent_covered": 100.0, "percent_covered_display": "100", "missing_lines": 0, "excluded_lines": 0, "percent_statements_covered": 100.0, "percent_statements_covered_display": "100"}, "missing_lines": [], "excluded_lines": [], "start_line": 34}, "load_autosave": {"executed_lines": [41, 42, 43, 44, 45, 46], "summary": {"covered_lines": 6, "num_statements": 6, "percent_covered": 100.0, "percent_covered_display": "100", "missing_lines": 0, "excluded_lines": 0, "percent_statements_covered": 100.0, "percent_statements_covered_display": "100"}, "missing_lines": [], "excluded_lines": [], "start_line": 39}, "get_autosave_path": {"executed_lines": [51], "summary": {"covered_lines": 1, "num_statements": 1, "percent_covered": 100.0, "percent_covered_display": "100", "missing_lines": 0, "excluded_lines": 0, "percent_statements_covered": 100.0, "percent_statements_covered_display": "100"}, "missing_lines": [], "excluded_lines": [], "start_line": 49}, "": {"executed_lines": [3, 5, 6, 7, 9, 11, 12, 15, 25, 34, 39, 49], "summary": {"covered_lines": 12, "num_statements": 12, "percent_covered": 100.0, "percent_covered_display": "100", "missing_lines": 0, "excluded_lines": 0, "percent_statements_covered": 100.0, "percent_statements_covered_display": "100"}, "missing_lines": [], "excluded_lines": [], "start_line": 1}}, "classes": {"": {"executed_lines": [3, 5, 6, 7, 9, 11, 12, 15, 17, 18, 19, 20, 21, 22, 25, 27, 28, 29, 30, 31, 34, 36, 39, 41, 42, 43, 44, 45, 46, 49, 51], "summary": {"covered_lines": 31, "num_statements": 31, "percent_covered": 100.0, "percent_covered_display": "100", "missing_lines": 0, "excluded_lines": 0, "percent_statements_covered": 100.0, "percent_statements_covered_display": "100"}, "missing_lines": [], "excluded_lines": [], "start_line": 1}}}}, "totals": {"covered_lines": 1664, "num_statements": 1926, "percent_covered": 86.39667705088266, "percent_covered_display": "86", "missing_lines": 262, "excluded_lines": 8, "percent_statements_covered": 86.39667705088266, "percent_statements_covered_display": "86"}}